{"C:\\Work\\Java\\Makers\\Trivia\\trivia_frontend\\src\\App.jsx": {"path":"C:\\Work\\Java\\Makers\\Trivia\\trivia_frontend\\src\\App.jsx","all":true,"statementMap":{"0":{"start":{"line":1,"column":0},"end":{"line":1,"column":33}},"2":{"start":{"line":3,"column":0},"end":{"line":3,"column":89}},"3":{"start":{"line":4,"column":0},"end":{"line":4,"column":19}},"4":{"start":{"line":5,"column":0},"end":{"line":5,"column":68}},"5":{"start":{"line":6,"column":0},"end":{"line":6,"column":34}},"6":{"start":{"line":7,"column":0},"end":{"line":7,"column":36}},"7":{"start":{"line":8,"column":0},"end":{"line":8,"column":32}},"8":{"start":{"line":9,"column":0},"end":{"line":9,"column":32}},"9":{"start":{"line":10,"column":0},"end":{"line":10,"column":46}},"11":{"start":{"line":12,"column":0},"end":{"line":12,"column":37}},"13":{"start":{"line":14,"column":0},"end":{"line":14,"column":31}},"14":{"start":{"line":15,"column":0},"end":{"line":15,"column":92}},"15":{"start":{"line":16,"column":0},"end":{"line":16,"column":14}},"16":{"start":{"line":17,"column":0},"end":{"line":17,"column":9}},"17":{"start":{"line":18,"column":0},"end":{"line":18,"column":84}},"18":{"start":{"line":19,"column":0},"end":{"line":19,"column":75}},"19":{"start":{"line":20,"column":0},"end":{"line":20,"column":68}},"20":{"start":{"line":21,"column":0},"end":{"line":21,"column":21}},"21":{"start":{"line":22,"column":0},"end":{"line":22,"column":19}},"22":{"start":{"line":23,"column":0},"end":{"line":23,"column":5}},"23":{"start":{"line":24,"column":0},"end":{"line":24,"column":3}},"24":{"start":{"line":25,"column":0},"end":{"line":25,"column":15}},"25":{"start":{"line":26,"column":0},"end":{"line":26,"column":2}},"27":{"start":{"line":28,"column":0},"end":{"line":28,"column":41}},"28":{"start":{"line":29,"column":0},"end":{"line":29,"column":64}},"29":{"start":{"line":30,"column":0},"end":{"line":30,"column":2}},"32":{"start":{"line":33,"column":0},"end":{"line":33,"column":32}},"33":{"start":{"line":34,"column":0},"end":{"line":34,"column":4}},"34":{"start":{"line":35,"column":0},"end":{"line":35,"column":52}},"35":{"start":{"line":36,"column":0},"end":{"line":36,"column":51}},"36":{"start":{"line":37,"column":0},"end":{"line":37,"column":5}},"39":{"start":{"line":40,"column":0},"end":{"line":40,"column":35}},"40":{"start":{"line":41,"column":0},"end":{"line":41,"column":4}},"41":{"start":{"line":42,"column":0},"end":{"line":42,"column":14}},"42":{"start":{"line":43,"column":0},"end":{"line":43,"column":5}},"45":{"start":{"line":46,"column":0},"end":{"line":46,"column":36}},"46":{"start":{"line":47,"column":0},"end":{"line":47,"column":3}},"47":{"start":{"line":48,"column":0},"end":{"line":48,"column":80}},"48":{"start":{"line":49,"column":0},"end":{"line":49,"column":15}},"49":{"start":{"line":50,"column":0},"end":{"line":50,"column":7}},"50":{"start":{"line":51,"column":0},"end":{"line":51,"column":17}},"51":{"start":{"line":52,"column":0},"end":{"line":52,"column":27}},"52":{"start":{"line":53,"column":0},"end":{"line":53,"column":8}},"53":{"start":{"line":54,"column":0},"end":{"line":54,"column":7}},"54":{"start":{"line":55,"column":0},"end":{"line":55,"column":23}},"55":{"start":{"line":56,"column":0},"end":{"line":56,"column":27}},"56":{"start":{"line":57,"column":0},"end":{"line":57,"column":8}},"57":{"start":{"line":58,"column":0},"end":{"line":58,"column":7}},"58":{"start":{"line":59,"column":0},"end":{"line":59,"column":24}},"59":{"start":{"line":60,"column":0},"end":{"line":60,"column":28}},"60":{"start":{"line":61,"column":0},"end":{"line":61,"column":8}},"61":{"start":{"line":62,"column":0},"end":{"line":62,"column":6}},"62":{"start":{"line":63,"column":0},"end":{"line":63,"column":4}},"63":{"start":{"line":64,"column":0},"end":{"line":64,"column":3}},"64":{"start":{"line":65,"column":0},"end":{"line":65,"column":34}},"65":{"start":{"line":66,"column":0},"end":{"line":66,"column":15}},"66":{"start":{"line":67,"column":0},"end":{"line":67,"column":7}},"67":{"start":{"line":68,"column":0},"end":{"line":68,"column":22}},"68":{"start":{"line":69,"column":0},"end":{"line":69,"column":55}},"69":{"start":{"line":70,"column":0},"end":{"line":70,"column":8}},"70":{"start":{"line":71,"column":0},"end":{"line":71,"column":7}},"71":{"start":{"line":72,"column":0},"end":{"line":72,"column":22}},"72":{"start":{"line":73,"column":0},"end":{"line":73,"column":55}},"73":{"start":{"line":74,"column":0},"end":{"line":74,"column":8}},"74":{"start":{"line":75,"column":0},"end":{"line":75,"column":7}},"75":{"start":{"line":76,"column":0},"end":{"line":76,"column":29}},"76":{"start":{"line":77,"column":0},"end":{"line":77,"column":62}},"77":{"start":{"line":78,"column":0},"end":{"line":78,"column":8}},"78":{"start":{"line":79,"column":0},"end":{"line":79,"column":6}},"79":{"start":{"line":80,"column":0},"end":{"line":80,"column":4}},"80":{"start":{"line":81,"column":0},"end":{"line":81,"column":3}},"82":{"start":{"line":83,"column":0},"end":{"line":83,"column":16}},"83":{"start":{"line":84,"column":0},"end":{"line":84,"column":10}},"84":{"start":{"line":85,"column":0},"end":{"line":85,"column":6}},"85":{"start":{"line":86,"column":0},"end":{"line":86,"column":40}},"86":{"start":{"line":87,"column":0},"end":{"line":87,"column":7}},"88":{"start":{"line":89,"column":0},"end":{"line":89,"column":1}},"90":{"start":{"line":91,"column":0},"end":{"line":91,"column":19}}},"s":{"0":0,"2":0,"3":0,"4":0,"5":0,"6":0,"7":0,"8":0,"9":0,"11":0,"13":0,"14":0,"15":0,"16":0,"17":0,"18":0,"19":0,"20":0,"21":0,"22":0,"23":0,"24":0,"25":0,"27":0,"28":0,"29":0,"32":0,"33":0,"34":0,"35":0,"36":0,"39":0,"40":0,"41":0,"42":0,"45":0,"46":0,"47":0,"48":0,"49":0,"50":0,"51":0,"52":0,"53":0,"54":0,"55":0,"56":0,"57":0,"58":0,"59":0,"60":0,"61":0,"62":0,"63":0,"64":0,"65":0,"66":0,"67":0,"68":0,"69":0,"70":0,"71":0,"72":0,"73":0,"74":0,"75":0,"76":0,"77":0,"78":0,"79":0,"80":0,"82":0,"83":0,"84":0,"85":0,"86":0,"88":0,"90":0},"branchMap":{"0":{"type":"branch","line":1,"loc":{"start":{"line":1,"column":0},"end":{"line":91,"column":-1050}},"locations":[{"start":{"line":1,"column":0},"end":{"line":91,"column":-1050}}]}},"b":{"0":[0]},"fnMap":{"0":{"name":"(empty-report)","decl":{"start":{"line":1,"column":0},"end":{"line":91,"column":-1050}},"loc":{"start":{"line":1,"column":0},"end":{"line":91,"column":-1050}},"line":1}},"f":{"0":0}}
,"C:\\Work\\Java\\Makers\\Trivia\\trivia_frontend\\src\\main.jsx": {"path":"C:\\Work\\Java\\Makers\\Trivia\\trivia_frontend\\src\\main.jsx","all":true,"statementMap":{"0":{"start":{"line":1,"column":0},"end":{"line":1,"column":31}},"1":{"start":{"line":2,"column":0},"end":{"line":2,"column":35}},"2":{"start":{"line":3,"column":0},"end":{"line":3,"column":46}},"3":{"start":{"line":4,"column":0},"end":{"line":4,"column":50}},"4":{"start":{"line":5,"column":0},"end":{"line":5,"column":28}},"5":{"start":{"line":6,"column":0},"end":{"line":6,"column":21}},"7":{"start":{"line":8,"column":0},"end":{"line":8,"column":51}},"8":{"start":{"line":9,"column":0},"end":{"line":9,"column":14}},"9":{"start":{"line":10,"column":0},"end":{"line":10,"column":20}},"10":{"start":{"line":11,"column":0},"end":{"line":11,"column":13}},"11":{"start":{"line":12,"column":0},"end":{"line":12,"column":21}},"12":{"start":{"line":13,"column":0},"end":{"line":13,"column":15}},"13":{"start":{"line":14,"column":0},"end":{"line":14,"column":2}}},"s":{"0":0,"1":0,"2":0,"3":0,"4":0,"5":0,"7":0,"8":0,"9":0,"10":0,"11":0,"12":0,"13":0},"branchMap":{"0":{"type":"branch","line":1,"loc":{"start":{"line":1,"column":373},"end":{"line":14,"column":2}},"locations":[{"start":{"line":1,"column":373},"end":{"line":14,"column":2}}]}},"b":{"0":[0]},"fnMap":{"0":{"name":"(empty-report)","decl":{"start":{"line":1,"column":373},"end":{"line":14,"column":2}},"loc":{"start":{"line":1,"column":373},"end":{"line":14,"column":2}},"line":1}},"f":{"0":0}}
,"C:\\Work\\Java\\Makers\\Trivia\\trivia_frontend\\src\\pages\\Game.jsx": {"path":"C:\\Work\\Java\\Makers\\Trivia\\trivia_frontend\\src\\pages\\Game.jsx","all":false,"statementMap":{"0":{"start":{"line":1,"column":0},"end":{"line":1,"column":78}},"1":{"start":{"line":2,"column":0},"end":{"line":2,"column":52}},"2":{"start":{"line":3,"column":0},"end":{"line":3,"column":47}},"4":{"start":{"line":5,"column":0},"end":{"line":5,"column":20}},"5":{"start":{"line":6,"column":0},"end":{"line":6,"column":33}},"6":{"start":{"line":7,"column":0},"end":{"line":7,"column":43}},"7":{"start":{"line":8,"column":0},"end":{"line":8,"column":49}},"8":{"start":{"line":9,"column":0},"end":{"line":9,"column":70}},"9":{"start":{"line":10,"column":0},"end":{"line":10,"column":115}},"10":{"start":{"line":11,"column":0},"end":{"line":11,"column":95}},"11":{"start":{"line":12,"column":0},"end":{"line":12,"column":39}},"12":{"start":{"line":13,"column":0},"end":{"line":13,"column":54}},"13":{"start":{"line":14,"column":0},"end":{"line":14,"column":58}},"14":{"start":{"line":15,"column":0},"end":{"line":15,"column":58}},"15":{"start":{"line":16,"column":0},"end":{"line":16,"column":55}},"16":{"start":{"line":17,"column":0},"end":{"line":17,"column":56}},"18":{"start":{"line":19,"column":0},"end":{"line":19,"column":32}},"20":{"start":{"line":21,"column":0},"end":{"line":21,"column":19}},"21":{"start":{"line":22,"column":0},"end":{"line":22,"column":31}},"22":{"start":{"line":23,"column":0},"end":{"line":23,"column":62}},"23":{"start":{"line":24,"column":0},"end":{"line":24,"column":25}},"24":{"start":{"line":25,"column":0},"end":{"line":25,"column":23}},"25":{"start":{"line":26,"column":0},"end":{"line":26,"column":41}},"26":{"start":{"line":27,"column":0},"end":{"line":27,"column":43}},"27":{"start":{"line":28,"column":0},"end":{"line":28,"column":9}},"28":{"start":{"line":29,"column":0},"end":{"line":29,"column":8}},"29":{"start":{"line":30,"column":0},"end":{"line":30,"column":5}},"30":{"start":{"line":31,"column":0},"end":{"line":31,"column":40}},"32":{"start":{"line":33,"column":0},"end":{"line":33,"column":63}},"33":{"start":{"line":34,"column":0},"end":{"line":34,"column":60}},"34":{"start":{"line":35,"column":0},"end":{"line":35,"column":54}},"35":{"start":{"line":36,"column":0},"end":{"line":36,"column":4}},"37":{"start":{"line":38,"column":0},"end":{"line":38,"column":42}},"38":{"start":{"line":39,"column":0},"end":{"line":39,"column":47}},"40":{"start":{"line":41,"column":0},"end":{"line":41,"column":58}},"41":{"start":{"line":42,"column":0},"end":{"line":42,"column":109}},"42":{"start":{"line":43,"column":0},"end":{"line":43,"column":52}},"43":{"start":{"line":44,"column":0},"end":{"line":44,"column":65}},"45":{"start":{"line":46,"column":0},"end":{"line":46,"column":30}},"46":{"start":{"line":47,"column":0},"end":{"line":47,"column":55}},"47":{"start":{"line":48,"column":0},"end":{"line":48,"column":58}},"49":{"start":{"line":50,"column":0},"end":{"line":50,"column":56}},"51":{"start":{"line":52,"column":0},"end":{"line":52,"column":14}},"52":{"start":{"line":53,"column":0},"end":{"line":53,"column":50}},"53":{"start":{"line":54,"column":0},"end":{"line":54,"column":38}},"54":{"start":{"line":55,"column":0},"end":{"line":55,"column":38}},"55":{"start":{"line":56,"column":0},"end":{"line":56,"column":30}},"56":{"start":{"line":57,"column":0},"end":{"line":57,"column":31}},"57":{"start":{"line":58,"column":0},"end":{"line":58,"column":25}},"58":{"start":{"line":59,"column":0},"end":{"line":59,"column":31}},"59":{"start":{"line":60,"column":0},"end":{"line":60,"column":8}},"60":{"start":{"line":61,"column":0},"end":{"line":61,"column":7}},"62":{"start":{"line":63,"column":0},"end":{"line":63,"column":9}},"63":{"start":{"line":64,"column":0},"end":{"line":64,"column":89}},"64":{"start":{"line":65,"column":0},"end":{"line":65,"column":23}},"65":{"start":{"line":66,"column":0},"end":{"line":66,"column":18}},"66":{"start":{"line":67,"column":0},"end":{"line":67,"column":45}},"67":{"start":{"line":68,"column":0},"end":{"line":68,"column":10}},"68":{"start":{"line":69,"column":0},"end":{"line":69,"column":40}},"69":{"start":{"line":70,"column":0},"end":{"line":70,"column":9}},"71":{"start":{"line":72,"column":0},"end":{"line":72,"column":25}},"72":{"start":{"line":73,"column":0},"end":{"line":73,"column":64}},"73":{"start":{"line":74,"column":0},"end":{"line":74,"column":7}},"75":{"start":{"line":76,"column":0},"end":{"line":76,"column":61}},"76":{"start":{"line":77,"column":0},"end":{"line":77,"column":21}},"77":{"start":{"line":78,"column":0},"end":{"line":78,"column":56}},"78":{"start":{"line":79,"column":0},"end":{"line":79,"column":5}},"79":{"start":{"line":80,"column":0},"end":{"line":80,"column":4}},"81":{"start":{"line":82,"column":0},"end":{"line":82,"column":56}},"82":{"start":{"line":83,"column":0},"end":{"line":83,"column":9}},"83":{"start":{"line":84,"column":0},"end":{"line":84,"column":35}},"84":{"start":{"line":85,"column":0},"end":{"line":85,"column":94}},"85":{"start":{"line":86,"column":0},"end":{"line":86,"column":8}},"86":{"start":{"line":87,"column":0},"end":{"line":87,"column":41}},"87":{"start":{"line":88,"column":0},"end":{"line":88,"column":40}},"88":{"start":{"line":89,"column":0},"end":{"line":89,"column":33}},"89":{"start":{"line":90,"column":0},"end":{"line":90,"column":25}},"90":{"start":{"line":91,"column":0},"end":{"line":91,"column":23}},"91":{"start":{"line":92,"column":0},"end":{"line":92,"column":41}},"92":{"start":{"line":93,"column":0},"end":{"line":93,"column":43}},"93":{"start":{"line":94,"column":0},"end":{"line":94,"column":9}},"94":{"start":{"line":95,"column":0},"end":{"line":95,"column":8}},"95":{"start":{"line":96,"column":0},"end":{"line":96,"column":96}},"96":{"start":{"line":97,"column":0},"end":{"line":97,"column":19}},"97":{"start":{"line":98,"column":0},"end":{"line":98,"column":60}},"98":{"start":{"line":99,"column":0},"end":{"line":99,"column":25}},"99":{"start":{"line":100,"column":0},"end":{"line":100,"column":5}},"100":{"start":{"line":101,"column":0},"end":{"line":101,"column":4}},"102":{"start":{"line":103,"column":0},"end":{"line":103,"column":41}},"103":{"start":{"line":104,"column":0},"end":{"line":104,"column":76}},"106":{"start":{"line":107,"column":0},"end":{"line":107,"column":39}},"107":{"start":{"line":108,"column":0},"end":{"line":108,"column":42}},"108":{"start":{"line":109,"column":0},"end":{"line":109,"column":94}},"109":{"start":{"line":110,"column":0},"end":{"line":110,"column":24}},"110":{"start":{"line":111,"column":0},"end":{"line":111,"column":7}},"112":{"start":{"line":113,"column":0},"end":{"line":113,"column":73}},"114":{"start":{"line":115,"column":0},"end":{"line":115,"column":35}},"115":{"start":{"line":116,"column":0},"end":{"line":116,"column":71}},"116":{"start":{"line":117,"column":0},"end":{"line":117,"column":12}},"117":{"start":{"line":118,"column":0},"end":{"line":118,"column":75}},"118":{"start":{"line":119,"column":0},"end":{"line":119,"column":5}},"121":{"start":{"line":122,"column":0},"end":{"line":122,"column":55}},"122":{"start":{"line":123,"column":0},"end":{"line":123,"column":47}},"123":{"start":{"line":124,"column":0},"end":{"line":124,"column":78}},"124":{"start":{"line":125,"column":0},"end":{"line":125,"column":12}},"125":{"start":{"line":126,"column":0},"end":{"line":126,"column":57}},"126":{"start":{"line":127,"column":0},"end":{"line":127,"column":5}},"127":{"start":{"line":128,"column":0},"end":{"line":128,"column":4}},"130":{"start":{"line":131,"column":0},"end":{"line":131,"column":19}},"131":{"start":{"line":132,"column":0},"end":{"line":132,"column":23}},"133":{"start":{"line":134,"column":0},"end":{"line":134,"column":27}},"134":{"start":{"line":135,"column":0},"end":{"line":135,"column":5}},"135":{"start":{"line":136,"column":0},"end":{"line":136,"column":78}},"138":{"start":{"line":139,"column":0},"end":{"line":139,"column":19}},"139":{"start":{"line":140,"column":0},"end":{"line":140,"column":48}},"140":{"start":{"line":141,"column":0},"end":{"line":141,"column":43}},"141":{"start":{"line":142,"column":0},"end":{"line":142,"column":31}},"142":{"start":{"line":143,"column":0},"end":{"line":143,"column":30}},"143":{"start":{"line":144,"column":0},"end":{"line":144,"column":37}},"144":{"start":{"line":145,"column":0},"end":{"line":145,"column":76}},"145":{"start":{"line":146,"column":0},"end":{"line":146,"column":11}},"146":{"start":{"line":147,"column":0},"end":{"line":147,"column":30}},"147":{"start":{"line":148,"column":0},"end":{"line":148,"column":11}},"148":{"start":{"line":149,"column":0},"end":{"line":149,"column":15}},"149":{"start":{"line":150,"column":0},"end":{"line":150,"column":44}},"150":{"start":{"line":151,"column":0},"end":{"line":151,"column":5}},"151":{"start":{"line":152,"column":0},"end":{"line":152,"column":32}},"153":{"start":{"line":154,"column":0},"end":{"line":154,"column":14}},"154":{"start":{"line":155,"column":0},"end":{"line":155,"column":26}},"155":{"start":{"line":156,"column":0},"end":{"line":156,"column":3}},"157":{"start":{"line":158,"column":0},"end":{"line":158,"column":31}},"158":{"start":{"line":159,"column":0},"end":{"line":159,"column":12}},"159":{"start":{"line":160,"column":0},"end":{"line":160,"column":8}},"160":{"start":{"line":161,"column":0},"end":{"line":161,"column":17}},"161":{"start":{"line":162,"column":0},"end":{"line":162,"column":16}},"162":{"start":{"line":163,"column":0},"end":{"line":163,"column":67}},"163":{"start":{"line":164,"column":0},"end":{"line":164,"column":49}},"164":{"start":{"line":165,"column":0},"end":{"line":165,"column":58}},"165":{"start":{"line":166,"column":0},"end":{"line":166,"column":23}},"166":{"start":{"line":167,"column":0},"end":{"line":167,"column":18}},"167":{"start":{"line":168,"column":0},"end":{"line":168,"column":16}},"168":{"start":{"line":169,"column":0},"end":{"line":169,"column":22}},"169":{"start":{"line":170,"column":0},"end":{"line":170,"column":32}},"170":{"start":{"line":171,"column":0},"end":{"line":171,"column":41}},"171":{"start":{"line":172,"column":0},"end":{"line":172,"column":28}},"172":{"start":{"line":173,"column":0},"end":{"line":173,"column":33}},"173":{"start":{"line":174,"column":0},"end":{"line":174,"column":16}},"175":{"start":{"line":176,"column":0},"end":{"line":176,"column":80}},"177":{"start":{"line":178,"column":0},"end":{"line":178,"column":23}},"178":{"start":{"line":179,"column":0},"end":{"line":179,"column":21}},"179":{"start":{"line":180,"column":0},"end":{"line":180,"column":36}},"180":{"start":{"line":181,"column":0},"end":{"line":181,"column":56}},"181":{"start":{"line":182,"column":0},"end":{"line":182,"column":15}},"183":{"start":{"line":184,"column":0},"end":{"line":184,"column":23}},"184":{"start":{"line":185,"column":0},"end":{"line":185,"column":79}},"186":{"start":{"line":187,"column":0},"end":{"line":187,"column":23}},"187":{"start":{"line":188,"column":0},"end":{"line":188,"column":18}},"188":{"start":{"line":189,"column":0},"end":{"line":189,"column":16}},"189":{"start":{"line":190,"column":0},"end":{"line":190,"column":17}},"190":{"start":{"line":191,"column":0},"end":{"line":191,"column":9}},"192":{"start":{"line":193,"column":0},"end":{"line":193,"column":3}},"194":{"start":{"line":195,"column":0},"end":{"line":195,"column":35}},"195":{"start":{"line":196,"column":0},"end":{"line":196,"column":30}},"196":{"start":{"line":197,"column":0},"end":{"line":197,"column":66}},"197":{"start":{"line":198,"column":0},"end":{"line":198,"column":59}},"199":{"start":{"line":200,"column":0},"end":{"line":200,"column":12}},"200":{"start":{"line":201,"column":0},"end":{"line":201,"column":8}},"201":{"start":{"line":202,"column":0},"end":{"line":202,"column":33}},"202":{"start":{"line":203,"column":0},"end":{"line":203,"column":14}},"203":{"start":{"line":204,"column":0},"end":{"line":204,"column":46}},"204":{"start":{"line":205,"column":0},"end":{"line":205,"column":28}},"205":{"start":{"line":206,"column":0},"end":{"line":206,"column":17}},"206":{"start":{"line":207,"column":0},"end":{"line":207,"column":24}},"207":{"start":{"line":208,"column":0},"end":{"line":208,"column":27}},"209":{"start":{"line":210,"column":0},"end":{"line":210,"column":39}},"210":{"start":{"line":211,"column":0},"end":{"line":211,"column":21}},"211":{"start":{"line":212,"column":0},"end":{"line":212,"column":18}},"212":{"start":{"line":213,"column":0},"end":{"line":213,"column":73}},"213":{"start":{"line":214,"column":0},"end":{"line":214,"column":19}},"214":{"start":{"line":215,"column":0},"end":{"line":215,"column":21}},"215":{"start":{"line":216,"column":0},"end":{"line":216,"column":18}},"216":{"start":{"line":217,"column":0},"end":{"line":217,"column":78}},"217":{"start":{"line":218,"column":0},"end":{"line":218,"column":19}},"218":{"start":{"line":219,"column":0},"end":{"line":219,"column":18}},"219":{"start":{"line":220,"column":0},"end":{"line":220,"column":37}},"220":{"start":{"line":221,"column":0},"end":{"line":221,"column":63}},"221":{"start":{"line":222,"column":0},"end":{"line":222,"column":19}},"222":{"start":{"line":223,"column":0},"end":{"line":223,"column":18}},"223":{"start":{"line":224,"column":0},"end":{"line":224,"column":36}},"224":{"start":{"line":225,"column":0},"end":{"line":225,"column":66}},"225":{"start":{"line":226,"column":0},"end":{"line":226,"column":19}},"226":{"start":{"line":227,"column":0},"end":{"line":227,"column":21}},"227":{"start":{"line":228,"column":0},"end":{"line":228,"column":52}},"228":{"start":{"line":229,"column":0},"end":{"line":229,"column":33}},"229":{"start":{"line":230,"column":0},"end":{"line":230,"column":19}},"230":{"start":{"line":231,"column":0},"end":{"line":231,"column":16}},"231":{"start":{"line":232,"column":0},"end":{"line":232,"column":71}},"232":{"start":{"line":233,"column":0},"end":{"line":233,"column":20}},"233":{"start":{"line":234,"column":0},"end":{"line":234,"column":9}},"235":{"start":{"line":236,"column":0},"end":{"line":236,"column":3}},"237":{"start":{"line":238,"column":0},"end":{"line":238,"column":58}},"239":{"start":{"line":240,"column":0},"end":{"line":240,"column":10}},"240":{"start":{"line":241,"column":0},"end":{"line":241,"column":44}},"241":{"start":{"line":242,"column":0},"end":{"line":242,"column":19}},"243":{"start":{"line":244,"column":0},"end":{"line":244,"column":26}},"244":{"start":{"line":245,"column":0},"end":{"line":245,"column":66}},"245":{"start":{"line":246,"column":0},"end":{"line":246,"column":13}},"247":{"start":{"line":248,"column":0},"end":{"line":248,"column":15}},"248":{"start":{"line":249,"column":0},"end":{"line":249,"column":11}},"249":{"start":{"line":250,"column":0},"end":{"line":250,"column":30}},"250":{"start":{"line":251,"column":0},"end":{"line":251,"column":21}},"251":{"start":{"line":252,"column":0},"end":{"line":252,"column":70}},"252":{"start":{"line":253,"column":0},"end":{"line":253,"column":8}},"254":{"start":{"line":255,"column":0},"end":{"line":255,"column":10}},"255":{"start":{"line":256,"column":0},"end":{"line":256,"column":16}},"256":{"start":{"line":257,"column":0},"end":{"line":257,"column":26}},"257":{"start":{"line":258,"column":0},"end":{"line":258,"column":27}},"258":{"start":{"line":259,"column":0},"end":{"line":259,"column":42}},"259":{"start":{"line":260,"column":0},"end":{"line":260,"column":29}},"260":{"start":{"line":261,"column":0},"end":{"line":261,"column":30}},"261":{"start":{"line":262,"column":0},"end":{"line":262,"column":10}},"263":{"start":{"line":264,"column":0},"end":{"line":264,"column":49}},"264":{"start":{"line":265,"column":0},"end":{"line":265,"column":17}},"265":{"start":{"line":266,"column":0},"end":{"line":266,"column":23}},"266":{"start":{"line":267,"column":0},"end":{"line":267,"column":53}},"267":{"start":{"line":268,"column":0},"end":{"line":268,"column":20}},"268":{"start":{"line":269,"column":0},"end":{"line":269,"column":27}},"269":{"start":{"line":270,"column":0},"end":{"line":270,"column":30}},"270":{"start":{"line":271,"column":0},"end":{"line":271,"column":30}},"271":{"start":{"line":272,"column":0},"end":{"line":272,"column":31}},"272":{"start":{"line":273,"column":0},"end":{"line":273,"column":32}},"273":{"start":{"line":274,"column":0},"end":{"line":274,"column":14}},"275":{"start":{"line":276,"column":0},"end":{"line":276,"column":65}},"276":{"start":{"line":277,"column":0},"end":{"line":277,"column":19}},"277":{"start":{"line":278,"column":0},"end":{"line":278,"column":11}},"278":{"start":{"line":279,"column":0},"end":{"line":279,"column":12}},"280":{"start":{"line":281,"column":0},"end":{"line":281,"column":43}},"281":{"start":{"line":282,"column":0},"end":{"line":282,"column":10}},"283":{"start":{"line":284,"column":0},"end":{"line":284,"column":2}},"285":{"start":{"line":286,"column":0},"end":{"line":286,"column":20}}},"s":{"0":1,"1":1,"2":1,"4":1,"5":11,"6":11,"7":11,"8":11,"9":11,"10":11,"11":11,"12":11,"13":11,"14":11,"15":11,"16":11,"18":11,"20":11,"21":6,"22":3,"23":3,"24":3,"25":3,"26":3,"27":3,"28":3,"29":3,"30":11,"32":11,"33":5,"34":5,"35":5,"37":11,"38":1,"40":1,"41":2,"42":2,"43":2,"45":2,"46":2,"47":2,"49":2,"51":2,"52":2,"53":2,"54":2,"55":2,"56":2,"57":2,"58":2,"59":2,"60":1,"62":1,"63":1,"64":1,"65":1,"66":1,"67":1,"68":1,"69":1,"71":1,"72":0,"73":0,"75":0,"76":1,"77":1,"78":1,"79":1,"81":11,"82":3,"83":3,"84":3,"85":3,"86":3,"87":2,"88":2,"89":2,"90":2,"91":2,"92":2,"93":2,"94":2,"95":2,"96":3,"97":1,"98":1,"99":1,"100":3,"102":11,"103":2,"106":2,"107":2,"108":2,"109":2,"110":2,"112":2,"114":2,"115":2,"116":2,"117":0,"118":0,"121":2,"122":2,"123":1,"124":1,"125":1,"126":1,"127":2,"130":11,"131":4,"133":1,"134":1,"135":11,"138":11,"139":6,"140":2,"141":0,"142":0,"143":0,"144":0,"145":0,"146":0,"147":0,"148":2,"149":2,"150":2,"151":11,"153":11,"154":1,"155":1,"157":11,"158":3,"159":3,"160":3,"161":3,"162":3,"163":3,"164":3,"165":3,"166":3,"167":3,"168":3,"169":3,"170":3,"171":3,"172":3,"173":3,"175":3,"177":3,"178":3,"179":3,"180":3,"181":3,"183":3,"184":3,"186":3,"187":3,"188":3,"189":3,"190":3,"192":3,"194":11,"195":1,"196":1,"197":1,"199":1,"200":1,"201":1,"202":1,"203":1,"204":1,"205":1,"206":1,"207":1,"209":1,"210":1,"211":1,"212":1,"213":1,"214":1,"215":1,"216":1,"217":1,"218":1,"219":1,"220":1,"221":1,"222":1,"223":1,"224":1,"225":1,"226":1,"227":1,"228":1,"229":1,"230":1,"231":1,"232":1,"233":1,"235":1,"237":5,"239":5,"240":5,"241":5,"243":5,"244":5,"245":5,"247":5,"248":5,"249":5,"250":5,"251":5,"252":5,"254":5,"255":5,"256":5,"257":5,"258":5,"259":5,"260":5,"261":5,"263":5,"264":20,"265":20,"266":20,"267":20,"268":20,"269":20,"270":20,"271":20,"272":20,"273":20,"275":20,"276":20,"277":5,"278":5,"280":5,"281":5,"283":5,"285":1},"branchMap":{"0":{"type":"branch","line":5,"loc":{"start":{"line":5,"column":13},"end":{"line":284,"column":2}},"locations":[{"start":{"line":5,"column":13},"end":{"line":284,"column":2}}]},"1":{"type":"branch","line":154,"loc":{"start":{"line":154,"column":13},"end":{"line":156,"column":3}},"locations":[{"start":{"line":154,"column":13},"end":{"line":156,"column":3}}]},"2":{"type":"branch","line":156,"loc":{"start":{"line":156,"column":2},"end":{"line":158,"column":30}},"locations":[{"start":{"line":156,"column":2},"end":{"line":158,"column":30}}]},"3":{"type":"branch","line":158,"loc":{"start":{"line":158,"column":30},"end":{"line":193,"column":3}},"locations":[{"start":{"line":158,"column":30},"end":{"line":193,"column":3}}]},"4":{"type":"branch","line":193,"loc":{"start":{"line":193,"column":2},"end":{"line":195,"column":22}},"locations":[{"start":{"line":193,"column":2},"end":{"line":195,"column":22}}]},"5":{"type":"branch","line":195,"loc":{"start":{"line":195,"column":6},"end":{"line":195,"column":34}},"locations":[{"start":{"line":195,"column":6},"end":{"line":195,"column":34}}]},"6":{"type":"branch","line":195,"loc":{"start":{"line":195,"column":34},"end":{"line":236,"column":3}},"locations":[{"start":{"line":195,"column":34},"end":{"line":236,"column":3}}]},"7":{"type":"branch","line":197,"loc":{"start":{"line":197,"column":21},"end":{"line":197,"column":36}},"locations":[{"start":{"line":197,"column":21},"end":{"line":197,"column":36}}]},"8":{"type":"branch","line":197,"loc":{"start":{"line":197,"column":51},"end":{"line":197,"column":64}},"locations":[{"start":{"line":197,"column":51},"end":{"line":197,"column":64}}]},"9":{"type":"branch","line":236,"loc":{"start":{"line":236,"column":2},"end":{"line":284,"column":2}},"locations":[{"start":{"line":236,"column":2},"end":{"line":284,"column":2}}]},"10":{"type":"branch","line":21,"loc":{"start":{"line":21,"column":12},"end":{"line":31,"column":5}},"locations":[{"start":{"line":21,"column":12},"end":{"line":31,"column":5}}]},"11":{"type":"branch","line":22,"loc":{"start":{"line":22,"column":30},"end":{"line":30,"column":5}},"locations":[{"start":{"line":22,"column":30},"end":{"line":30,"column":5}}]},"12":{"type":"branch","line":33,"loc":{"start":{"line":33,"column":25},"end":{"line":36,"column":4}},"locations":[{"start":{"line":33,"column":25},"end":{"line":36,"column":4}}]},"13":{"type":"branch","line":35,"loc":{"start":{"line":35,"column":27},"end":{"line":35,"column":52}},"locations":[{"start":{"line":35,"column":27},"end":{"line":35,"column":52}}]},"14":{"type":"branch","line":38,"loc":{"start":{"line":38,"column":29},"end":{"line":80,"column":4}},"locations":[{"start":{"line":38,"column":29},"end":{"line":80,"column":4}}]},"15":{"type":"branch","line":72,"loc":{"start":{"line":72,"column":24},"end":{"line":77,"column":13}},"locations":[{"start":{"line":72,"column":24},"end":{"line":77,"column":13}}]},"16":{"type":"branch","line":41,"loc":{"start":{"line":41,"column":36},"end":{"line":61,"column":5}},"locations":[{"start":{"line":41,"column":36},"end":{"line":61,"column":5}}]},"17":{"type":"branch","line":44,"loc":{"start":{"line":44,"column":42},"end":{"line":44,"column":65}},"locations":[{"start":{"line":44,"column":42},"end":{"line":44,"column":65}}]},"18":{"type":"branch","line":47,"loc":{"start":{"line":47,"column":35},"end":{"line":47,"column":55}},"locations":[{"start":{"line":47,"column":35},"end":{"line":47,"column":55}}]},"19":{"type":"branch","line":48,"loc":{"start":{"line":48,"column":38},"end":{"line":48,"column":58}},"locations":[{"start":{"line":48,"column":38},"end":{"line":48,"column":58}}]},"20":{"type":"branch","line":50,"loc":{"start":{"line":50,"column":36},"end":{"line":50,"column":56}},"locations":[{"start":{"line":50,"column":36},"end":{"line":50,"column":56}}]},"21":{"type":"branch","line":82,"loc":{"start":{"line":82,"column":25},"end":{"line":101,"column":4}},"locations":[{"start":{"line":82,"column":25},"end":{"line":101,"column":4}}]},"22":{"type":"branch","line":87,"loc":{"start":{"line":87,"column":39},"end":{"line":97,"column":13}},"locations":[{"start":{"line":87,"column":39},"end":{"line":97,"column":13}}]},"23":{"type":"branch","line":97,"loc":{"start":{"line":97,"column":4},"end":{"line":100,"column":5}},"locations":[{"start":{"line":97,"column":4},"end":{"line":100,"column":5}}]},"24":{"type":"branch","line":98,"loc":{"start":{"line":98,"column":19},"end":{"line":98,"column":58}},"locations":[{"start":{"line":98,"column":19},"end":{"line":98,"column":58}}]},"25":{"type":"branch","line":103,"loc":{"start":{"line":103,"column":28},"end":{"line":128,"column":4}},"locations":[{"start":{"line":103,"column":28},"end":{"line":128,"column":4}}]},"26":{"type":"branch","line":104,"loc":{"start":{"line":104,"column":22},"end":{"line":104,"column":76}},"locations":[{"start":{"line":104,"column":22},"end":{"line":104,"column":76}}]},"27":{"type":"branch","line":117,"loc":{"start":{"line":117,"column":4},"end":{"line":119,"column":5}},"locations":[{"start":{"line":117,"column":4},"end":{"line":119,"column":5}}]},"28":{"type":"branch","line":123,"loc":{"start":{"line":123,"column":46},"end":{"line":127,"column":5}},"locations":[{"start":{"line":123,"column":46},"end":{"line":127,"column":5}}]},"29":{"type":"branch","line":107,"loc":{"start":{"line":107,"column":21},"end":{"line":111,"column":5}},"locations":[{"start":{"line":107,"column":21},"end":{"line":111,"column":5}}]},"30":{"type":"branch","line":116,"loc":{"start":{"line":116,"column":22},"end":{"line":116,"column":40}},"locations":[{"start":{"line":116,"column":22},"end":{"line":116,"column":40}}]},"31":{"type":"branch","line":131,"loc":{"start":{"line":131,"column":12},"end":{"line":136,"column":5}},"locations":[{"start":{"line":131,"column":12},"end":{"line":136,"column":5}}]},"32":{"type":"branch","line":132,"loc":{"start":{"line":132,"column":22},"end":{"line":135,"column":5}},"locations":[{"start":{"line":132,"column":22},"end":{"line":135,"column":5}}]},"33":{"type":"branch","line":139,"loc":{"start":{"line":139,"column":12},"end":{"line":152,"column":5}},"locations":[{"start":{"line":139,"column":12},"end":{"line":152,"column":5}}]},"34":{"type":"branch","line":140,"loc":{"start":{"line":140,"column":27},"end":{"line":140,"column":47}},"locations":[{"start":{"line":140,"column":27},"end":{"line":140,"column":47}}]},"35":{"type":"branch","line":140,"loc":{"start":{"line":140,"column":47},"end":{"line":151,"column":5}},"locations":[{"start":{"line":140,"column":47},"end":{"line":151,"column":5}}]},"36":{"type":"branch","line":150,"loc":{"start":{"line":150,"column":13},"end":{"line":150,"column":44}},"locations":[{"start":{"line":150,"column":13},"end":{"line":150,"column":44}}]},"37":{"type":"branch","line":176,"loc":{"start":{"line":176,"column":50},"end":{"line":176,"column":80}},"locations":[{"start":{"line":176,"column":50},"end":{"line":176,"column":80}}]},"38":{"type":"branch","line":264,"loc":{"start":{"line":264,"column":29},"end":{"line":277,"column":19}},"locations":[{"start":{"line":264,"column":29},"end":{"line":277,"column":19}}]},"39":{"type":"branch","line":267,"loc":{"start":{"line":267,"column":21},"end":{"line":267,"column":53}},"locations":[{"start":{"line":267,"column":21},"end":{"line":267,"column":53}}]}},"b":{"0":[11],"1":[1],"2":[9],"3":[3],"4":[6],"5":[5],"6":[1],"7":[0],"8":[0],"9":[5],"10":[6],"11":[3],"12":[5],"13":[26],"14":[1],"15":[0],"16":[2],"17":[0],"18":[0],"19":[0],"20":[0],"21":[3],"22":[2],"23":[1],"24":[0],"25":[2],"26":[0],"27":[0],"28":[1],"29":[2],"30":[2],"31":[4],"32":[1],"33":[6],"34":[3],"35":[2],"36":[2],"37":[3],"38":[20],"39":[2]},"fnMap":{"0":{"name":"Game","decl":{"start":{"line":5,"column":13},"end":{"line":284,"column":2}},"loc":{"start":{"line":5,"column":13},"end":{"line":284,"column":2}},"line":5},"1":{"name":"shuffleAnswers","decl":{"start":{"line":33,"column":25},"end":{"line":36,"column":4}},"loc":{"start":{"line":33,"column":25},"end":{"line":36,"column":4}},"line":33},"2":{"name":"sendScoreToBackend","decl":{"start":{"line":38,"column":29},"end":{"line":80,"column":4}},"loc":{"start":{"line":38,"column":29},"end":{"line":80,"column":4}},"line":38},"3":{"name":"fetchQuestions","decl":{"start":{"line":82,"column":25},"end":{"line":101,"column":4}},"loc":{"start":{"line":82,"column":25},"end":{"line":101,"column":4}},"line":82},"4":{"name":"handleAnswerClick","decl":{"start":{"line":103,"column":28},"end":{"line":128,"column":4}},"loc":{"start":{"line":103,"column":28},"end":{"line":128,"column":4}},"line":103},"5":{"name":"onClick","decl":{"start":{"line":176,"column":50},"end":{"line":176,"column":80}},"loc":{"start":{"line":176,"column":50},"end":{"line":176,"column":80}},"line":176},"6":{"name":"onClick","decl":{"start":{"line":181,"column":25},"end":{"line":181,"column":56}},"loc":{"start":{"line":181,"column":25},"end":{"line":181,"column":56}},"line":181},"7":{"name":"onClick","decl":{"start":{"line":185,"column":49},"end":{"line":185,"column":79}},"loc":{"start":{"line":185,"column":49},"end":{"line":185,"column":79}},"line":185},"8":{"name":"onClick","decl":{"start":{"line":232,"column":27},"end":{"line":232,"column":52}},"loc":{"start":{"line":232,"column":27},"end":{"line":232,"column":52}},"line":232},"9":{"name":"onClick","decl":{"start":{"line":267,"column":21},"end":{"line":267,"column":53}},"loc":{"start":{"line":267,"column":21},"end":{"line":267,"column":53}},"line":267}},"f":{"0":11,"1":5,"2":1,"3":3,"4":2,"5":3,"6":0,"7":0,"8":0,"9":2}}
,"C:\\Work\\Java\\Makers\\Trivia\\trivia_frontend\\src\\pages\\Home.jsx": {"path":"C:\\Work\\Java\\Makers\\Trivia\\trivia_frontend\\src\\pages\\Home.jsx","all":true,"statementMap":{"0":{"start":{"line":1,"column":0},"end":{"line":1,"column":80}},"1":{"start":{"line":2,"column":0},"end":{"line":2,"column":39}},"2":{"start":{"line":3,"column":0},"end":{"line":3,"column":47}},"4":{"start":{"line":5,"column":0},"end":{"line":5,"column":20}},"5":{"start":{"line":6,"column":0},"end":{"line":6,"column":49}},"6":{"start":{"line":7,"column":0},"end":{"line":7,"column":23}},"7":{"start":{"line":8,"column":0},"end":{"line":8,"column":33}},"9":{"start":{"line":10,"column":0},"end":{"line":10,"column":29}},"10":{"start":{"line":11,"column":0},"end":{"line":11,"column":22}},"11":{"start":{"line":12,"column":0},"end":{"line":12,"column":4}},"13":{"start":{"line":14,"column":0},"end":{"line":14,"column":46}},"14":{"start":{"line":15,"column":0},"end":{"line":15,"column":29}},"15":{"start":{"line":16,"column":0},"end":{"line":16,"column":4}},"16":{"start":{"line":17,"column":0},"end":{"line":17,"column":10}},"17":{"start":{"line":18,"column":0},"end":{"line":18,"column":6}},"18":{"start":{"line":19,"column":0},"end":{"line":19,"column":15}},"19":{"start":{"line":20,"column":0},"end":{"line":20,"column":14}},"20":{"start":{"line":21,"column":0},"end":{"line":21,"column":49}},"21":{"start":{"line":22,"column":0},"end":{"line":22,"column":15}},"22":{"start":{"line":23,"column":0},"end":{"line":23,"column":46}},"23":{"start":{"line":24,"column":0},"end":{"line":24,"column":32}},"24":{"start":{"line":25,"column":0},"end":{"line":25,"column":19}},"26":{"start":{"line":27,"column":0},"end":{"line":27,"column":64}},"27":{"start":{"line":28,"column":0},"end":{"line":28,"column":34}},"30":{"start":{"line":31,"column":0},"end":{"line":31,"column":21}},"31":{"start":{"line":32,"column":0},"end":{"line":32,"column":23}},"32":{"start":{"line":33,"column":0},"end":{"line":33,"column":34}},"34":{"start":{"line":35,"column":0},"end":{"line":35,"column":21}},"35":{"start":{"line":36,"column":0},"end":{"line":36,"column":23}},"38":{"start":{"line":39,"column":0},"end":{"line":39,"column":18}},"39":{"start":{"line":40,"column":0},"end":{"line":40,"column":17}},"40":{"start":{"line":41,"column":0},"end":{"line":41,"column":20}},"41":{"start":{"line":42,"column":0},"end":{"line":42,"column":25}},"42":{"start":{"line":43,"column":0},"end":{"line":43,"column":41}},"43":{"start":{"line":44,"column":0},"end":{"line":44,"column":52}},"45":{"start":{"line":46,"column":0},"end":{"line":46,"column":25}},"46":{"start":{"line":47,"column":0},"end":{"line":47,"column":24}},"47":{"start":{"line":48,"column":0},"end":{"line":48,"column":22}},"48":{"start":{"line":49,"column":0},"end":{"line":49,"column":43}},"49":{"start":{"line":50,"column":0},"end":{"line":50,"column":46}},"50":{"start":{"line":51,"column":0},"end":{"line":51,"column":44}},"51":{"start":{"line":52,"column":0},"end":{"line":52,"column":23}},"52":{"start":{"line":53,"column":0},"end":{"line":53,"column":28}},"53":{"start":{"line":54,"column":0},"end":{"line":54,"column":21}},"54":{"start":{"line":55,"column":0},"end":{"line":55,"column":18}},"55":{"start":{"line":56,"column":0},"end":{"line":56,"column":21}},"56":{"start":{"line":57,"column":0},"end":{"line":57,"column":37}},"57":{"start":{"line":58,"column":0},"end":{"line":58,"column":63}},"59":{"start":{"line":60,"column":0},"end":{"line":60,"column":23}},"60":{"start":{"line":61,"column":0},"end":{"line":61,"column":23}},"61":{"start":{"line":62,"column":0},"end":{"line":62,"column":75}},"62":{"start":{"line":63,"column":0},"end":{"line":63,"column":24}},"63":{"start":{"line":64,"column":0},"end":{"line":64,"column":16}},"64":{"start":{"line":65,"column":0},"end":{"line":65,"column":14}},"65":{"start":{"line":66,"column":0},"end":{"line":66,"column":15}},"66":{"start":{"line":67,"column":0},"end":{"line":67,"column":7}},"68":{"start":{"line":69,"column":0},"end":{"line":69,"column":2}},"70":{"start":{"line":71,"column":0},"end":{"line":71,"column":20}}},"s":{"0":0,"1":0,"2":0,"4":0,"5":0,"6":0,"7":0,"9":0,"10":0,"11":0,"13":0,"14":0,"15":0,"16":0,"17":0,"18":0,"19":0,"20":0,"21":0,"22":0,"23":0,"24":0,"26":0,"27":0,"30":0,"31":0,"32":0,"34":0,"35":0,"38":0,"39":0,"40":0,"41":0,"42":0,"43":0,"45":0,"46":0,"47":0,"48":0,"49":0,"50":0,"51":0,"52":0,"53":0,"54":0,"55":0,"56":0,"57":0,"59":0,"60":0,"61":0,"62":0,"63":0,"64":0,"65":0,"66":0,"68":0,"70":0},"branchMap":{"0":{"type":"branch","line":1,"loc":{"start":{"line":1,"column":0},"end":{"line":71,"column":-1402}},"locations":[{"start":{"line":1,"column":0},"end":{"line":71,"column":-1402}}]}},"b":{"0":[0]},"fnMap":{"0":{"name":"(empty-report)","decl":{"start":{"line":1,"column":0},"end":{"line":71,"column":-1402}},"loc":{"start":{"line":1,"column":0},"end":{"line":71,"column":-1402}},"line":1}},"f":{"0":0}}
,"C:\\Work\\Java\\Makers\\Trivia\\trivia_frontend\\src\\pages\\Leaderboard.jsx": {"path":"C:\\Work\\Java\\Makers\\Trivia\\trivia_frontend\\src\\pages\\Leaderboard.jsx","all":false,"statementMap":{"0":{"start":{"line":1,"column":0},"end":{"line":1,"column":77}},"1":{"start":{"line":2,"column":0},"end":{"line":2,"column":71}},"2":{"start":{"line":3,"column":0},"end":{"line":3,"column":44}},"3":{"start":{"line":4,"column":0},"end":{"line":4,"column":47}},"5":{"start":{"line":6,"column":0},"end":{"line":6,"column":27}},"6":{"start":{"line":7,"column":0},"end":{"line":7,"column":33}},"7":{"start":{"line":8,"column":0},"end":{"line":8,"column":63}},"8":{"start":{"line":9,"column":0},"end":{"line":9,"column":70}},"9":{"start":{"line":10,"column":0},"end":{"line":10,"column":64}},"11":{"start":{"line":12,"column":0},"end":{"line":12,"column":40}},"12":{"start":{"line":13,"column":0},"end":{"line":13,"column":9}},"13":{"start":{"line":14,"column":0},"end":{"line":14,"column":84}},"14":{"start":{"line":15,"column":0},"end":{"line":15,"column":25}},"15":{"start":{"line":16,"column":0},"end":{"line":16,"column":60}},"16":{"start":{"line":17,"column":0},"end":{"line":17,"column":7}},"17":{"start":{"line":18,"column":0},"end":{"line":18,"column":41}},"18":{"start":{"line":19,"column":0},"end":{"line":19,"column":36}},"19":{"start":{"line":20,"column":0},"end":{"line":20,"column":44}},"20":{"start":{"line":21,"column":0},"end":{"line":21,"column":66}},"21":{"start":{"line":22,"column":0},"end":{"line":22,"column":21}},"22":{"start":{"line":23,"column":0},"end":{"line":23,"column":58}},"23":{"start":{"line":24,"column":0},"end":{"line":24,"column":30}},"24":{"start":{"line":25,"column":0},"end":{"line":25,"column":15}},"25":{"start":{"line":26,"column":0},"end":{"line":26,"column":25}},"26":{"start":{"line":27,"column":0},"end":{"line":27,"column":5}},"27":{"start":{"line":28,"column":0},"end":{"line":28,"column":4}},"29":{"start":{"line":30,"column":0},"end":{"line":30,"column":19}},"30":{"start":{"line":31,"column":0},"end":{"line":31,"column":23}},"31":{"start":{"line":32,"column":0},"end":{"line":32,"column":9}},"33":{"start":{"line":34,"column":0},"end":{"line":34,"column":10}},"34":{"start":{"line":35,"column":0},"end":{"line":35,"column":6}},"35":{"start":{"line":36,"column":0},"end":{"line":36,"column":18}},"36":{"start":{"line":37,"column":0},"end":{"line":37,"column":31}},"37":{"start":{"line":38,"column":0},"end":{"line":38,"column":19}},"38":{"start":{"line":39,"column":0},"end":{"line":39,"column":36}},"40":{"start":{"line":41,"column":0},"end":{"line":41,"column":10}},"41":{"start":{"line":42,"column":0},"end":{"line":42,"column":18}},"42":{"start":{"line":43,"column":0},"end":{"line":43,"column":52}},"43":{"start":{"line":44,"column":0},"end":{"line":44,"column":79}},"44":{"start":{"line":45,"column":0},"end":{"line":45,"column":30}},"45":{"start":{"line":46,"column":0},"end":{"line":46,"column":70}},"46":{"start":{"line":47,"column":0},"end":{"line":47,"column":25}},"47":{"start":{"line":48,"column":0},"end":{"line":48,"column":53}},"48":{"start":{"line":49,"column":0},"end":{"line":49,"column":44}},"49":{"start":{"line":50,"column":0},"end":{"line":50,"column":48}},"50":{"start":{"line":51,"column":0},"end":{"line":51,"column":50}},"51":{"start":{"line":52,"column":0},"end":{"line":52,"column":27}},"52":{"start":{"line":53,"column":0},"end":{"line":53,"column":23}},"53":{"start":{"line":54,"column":0},"end":{"line":54,"column":26}},"54":{"start":{"line":55,"column":0},"end":{"line":55,"column":24}},"55":{"start":{"line":56,"column":0},"end":{"line":56,"column":31}},"56":{"start":{"line":57,"column":0},"end":{"line":57,"column":23}},"57":{"start":{"line":58,"column":0},"end":{"line":58,"column":69}},"58":{"start":{"line":59,"column":0},"end":{"line":59,"column":18}},"59":{"start":{"line":60,"column":0},"end":{"line":60,"column":19}},"60":{"start":{"line":61,"column":0},"end":{"line":61,"column":11}},"62":{"start":{"line":63,"column":0},"end":{"line":63,"column":7}},"65":{"start":{"line":66,"column":0},"end":{"line":66,"column":2}},"67":{"start":{"line":68,"column":0},"end":{"line":68,"column":27}}},"s":{"0":1,"1":1,"2":1,"3":1,"5":1,"6":2,"7":2,"8":2,"9":2,"11":2,"12":1,"13":1,"14":1,"15":0,"16":0,"17":1,"18":1,"19":1,"20":1,"21":1,"22":0,"23":0,"24":1,"25":1,"26":1,"27":1,"29":2,"30":1,"31":2,"33":2,"34":2,"35":2,"36":1,"37":1,"38":0,"40":1,"41":1,"42":1,"43":1,"44":1,"45":1,"46":1,"47":1,"48":1,"49":1,"50":1,"51":1,"52":1,"53":1,"54":1,"55":1,"56":1,"57":1,"58":1,"59":1,"60":1,"62":2,"65":2,"67":1},"branchMap":{"0":{"type":"branch","line":6,"loc":{"start":{"line":6,"column":20},"end":{"line":66,"column":2}},"locations":[{"start":{"line":6,"column":20},"end":{"line":66,"column":2}}]},"1":{"type":"branch","line":36,"loc":{"start":{"line":36,"column":7},"end":{"line":37,"column":31}},"locations":[{"start":{"line":36,"column":7},"end":{"line":37,"column":31}}]},"2":{"type":"branch","line":37,"loc":{"start":{"line":37,"column":24},"end":{"line":61,"column":11}},"locations":[{"start":{"line":37,"column":24},"end":{"line":61,"column":11}}]},"3":{"type":"branch","line":38,"loc":{"start":{"line":38,"column":10},"end":{"line":39,"column":36}},"locations":[{"start":{"line":38,"column":10},"end":{"line":39,"column":36}}]},"4":{"type":"branch","line":12,"loc":{"start":{"line":12,"column":27},"end":{"line":28,"column":4}},"locations":[{"start":{"line":12,"column":27},"end":{"line":28,"column":4}}]},"5":{"type":"branch","line":15,"loc":{"start":{"line":15,"column":24},"end":{"line":17,"column":7}},"locations":[{"start":{"line":15,"column":24},"end":{"line":17,"column":7}}]},"6":{"type":"branch","line":22,"loc":{"start":{"line":22,"column":4},"end":{"line":25,"column":6}},"locations":[{"start":{"line":22,"column":4},"end":{"line":25,"column":6}}]},"7":{"type":"branch","line":30,"loc":{"start":{"line":30,"column":12},"end":{"line":32,"column":5}},"locations":[{"start":{"line":30,"column":12},"end":{"line":32,"column":5}}]},"8":{"type":"branch","line":48,"loc":{"start":{"line":48,"column":42},"end":{"line":52,"column":27}},"locations":[{"start":{"line":48,"column":42},"end":{"line":52,"column":27}}]},"9":{"type":"branch","line":58,"loc":{"start":{"line":58,"column":31},"end":{"line":58,"column":56}},"locations":[{"start":{"line":58,"column":31},"end":{"line":58,"column":56}}]}},"b":{"0":[2],"1":[1],"2":[1],"3":[0],"4":[1],"5":[0],"6":[0],"7":[1],"8":[1],"9":[1]},"fnMap":{"0":{"name":"Leaderboard","decl":{"start":{"line":6,"column":20},"end":{"line":66,"column":2}},"loc":{"start":{"line":6,"column":20},"end":{"line":66,"column":2}},"line":6},"1":{"name":"fetchLeaderboard","decl":{"start":{"line":12,"column":27},"end":{"line":28,"column":4}},"loc":{"start":{"line":12,"column":27},"end":{"line":28,"column":4}},"line":12},"2":{"name":"onClick","decl":{"start":{"line":58,"column":31},"end":{"line":58,"column":56}},"loc":{"start":{"line":58,"column":31},"end":{"line":58,"column":56}},"line":58}},"f":{"0":2,"1":1,"2":1}}
,"C:\\Work\\Java\\Makers\\Trivia\\trivia_frontend\\src\\pages\\Login.jsx": {"path":"C:\\Work\\Java\\Makers\\Trivia\\trivia_frontend\\src\\pages\\Login.jsx","all":false,"statementMap":{"0":{"start":{"line":1,"column":0},"end":{"line":1,"column":63}},"1":{"start":{"line":2,"column":0},"end":{"line":2,"column":61}},"2":{"start":{"line":3,"column":0},"end":{"line":3,"column":85}},"3":{"start":{"line":4,"column":0},"end":{"line":4,"column":61}},"4":{"start":{"line":5,"column":0},"end":{"line":5,"column":43}},"5":{"start":{"line":6,"column":0},"end":{"line":6,"column":47}},"6":{"start":{"line":7,"column":0},"end":{"line":7,"column":48}},"7":{"start":{"line":8,"column":0},"end":{"line":8,"column":21}},"9":{"start":{"line":10,"column":0},"end":{"line":10,"column":21}},"10":{"start":{"line":11,"column":0},"end":{"line":11,"column":43}},"11":{"start":{"line":12,"column":0},"end":{"line":12,"column":49}},"12":{"start":{"line":13,"column":0},"end":{"line":13,"column":43}},"13":{"start":{"line":14,"column":0},"end":{"line":14,"column":35}},"24":{"start":{"line":25,"column":0},"end":{"line":25,"column":38}},"25":{"start":{"line":26,"column":0},"end":{"line":26,"column":27}},"26":{"start":{"line":27,"column":0},"end":{"line":27,"column":13}},"27":{"start":{"line":28,"column":0},"end":{"line":28,"column":54}},"28":{"start":{"line":29,"column":0},"end":{"line":29,"column":54}},"29":{"start":{"line":30,"column":0},"end":{"line":30,"column":56}},"30":{"start":{"line":31,"column":0},"end":{"line":31,"column":30}},"31":{"start":{"line":32,"column":0},"end":{"line":32,"column":23}},"32":{"start":{"line":33,"column":0},"end":{"line":33,"column":99}},"33":{"start":{"line":34,"column":0},"end":{"line":34,"column":35}},"34":{"start":{"line":35,"column":0},"end":{"line":35,"column":49}},"35":{"start":{"line":36,"column":0},"end":{"line":36,"column":9}},"36":{"start":{"line":37,"column":0},"end":{"line":37,"column":5}},"38":{"start":{"line":39,"column":0},"end":{"line":39,"column":33}},"39":{"start":{"line":40,"column":0},"end":{"line":40,"column":40}},"40":{"start":{"line":41,"column":0},"end":{"line":41,"column":37}},"41":{"start":{"line":42,"column":0},"end":{"line":42,"column":50}},"42":{"start":{"line":43,"column":0},"end":{"line":43,"column":40}},"43":{"start":{"line":44,"column":0},"end":{"line":44,"column":9}},"44":{"start":{"line":45,"column":0},"end":{"line":45,"column":6}},"47":{"start":{"line":48,"column":0},"end":{"line":48,"column":12}},"48":{"start":{"line":49,"column":0},"end":{"line":49,"column":10}},"49":{"start":{"line":50,"column":0},"end":{"line":50,"column":40}},"50":{"start":{"line":51,"column":0},"end":{"line":51,"column":25}},"51":{"start":{"line":52,"column":0},"end":{"line":52,"column":29}},"52":{"start":{"line":53,"column":0},"end":{"line":53,"column":29}},"53":{"start":{"line":54,"column":0},"end":{"line":54,"column":29}},"54":{"start":{"line":55,"column":0},"end":{"line":55,"column":29}},"55":{"start":{"line":56,"column":0},"end":{"line":56,"column":29}},"56":{"start":{"line":57,"column":0},"end":{"line":57,"column":29}},"57":{"start":{"line":58,"column":0},"end":{"line":58,"column":29}},"58":{"start":{"line":59,"column":0},"end":{"line":59,"column":29}},"59":{"start":{"line":60,"column":0},"end":{"line":60,"column":29}},"60":{"start":{"line":61,"column":0},"end":{"line":61,"column":29}},"61":{"start":{"line":62,"column":0},"end":{"line":62,"column":29}},"62":{"start":{"line":63,"column":0},"end":{"line":63,"column":29}},"63":{"start":{"line":64,"column":0},"end":{"line":64,"column":29}},"64":{"start":{"line":65,"column":0},"end":{"line":65,"column":29}},"65":{"start":{"line":66,"column":0},"end":{"line":66,"column":29}},"66":{"start":{"line":67,"column":0},"end":{"line":67,"column":29}},"67":{"start":{"line":68,"column":0},"end":{"line":68,"column":29}},"68":{"start":{"line":69,"column":0},"end":{"line":69,"column":29}},"69":{"start":{"line":70,"column":0},"end":{"line":70,"column":29}},"70":{"start":{"line":71,"column":0},"end":{"line":71,"column":110}},"71":{"start":{"line":72,"column":0},"end":{"line":72,"column":45}},"72":{"start":{"line":73,"column":0},"end":{"line":73,"column":77}},"73":{"start":{"line":74,"column":0},"end":{"line":74,"column":40}},"74":{"start":{"line":75,"column":0},"end":{"line":75,"column":43}},"75":{"start":{"line":76,"column":0},"end":{"line":76,"column":93}},"76":{"start":{"line":77,"column":0},"end":{"line":77,"column":71}},"77":{"start":{"line":78,"column":0},"end":{"line":78,"column":54}},"78":{"start":{"line":79,"column":0},"end":{"line":79,"column":44}},"79":{"start":{"line":80,"column":0},"end":{"line":80,"column":41}},"80":{"start":{"line":81,"column":0},"end":{"line":81,"column":38}},"81":{"start":{"line":82,"column":0},"end":{"line":82,"column":45}},"82":{"start":{"line":83,"column":0},"end":{"line":83,"column":88}},"83":{"start":{"line":84,"column":0},"end":{"line":84,"column":124}},"84":{"start":{"line":85,"column":0},"end":{"line":85,"column":86}},"85":{"start":{"line":86,"column":0},"end":{"line":86,"column":136}},"86":{"start":{"line":87,"column":0},"end":{"line":87,"column":46}},"87":{"start":{"line":88,"column":0},"end":{"line":88,"column":47}},"88":{"start":{"line":89,"column":0},"end":{"line":89,"column":86}},"89":{"start":{"line":90,"column":0},"end":{"line":90,"column":48}},"91":{"start":{"line":92,"column":0},"end":{"line":92,"column":55}},"93":{"start":{"line":94,"column":0},"end":{"line":94,"column":43}},"94":{"start":{"line":95,"column":0},"end":{"line":95,"column":46}},"95":{"start":{"line":96,"column":0},"end":{"line":96,"column":58}},"96":{"start":{"line":97,"column":0},"end":{"line":97,"column":53}},"97":{"start":{"line":98,"column":0},"end":{"line":98,"column":61}},"98":{"start":{"line":99,"column":0},"end":{"line":99,"column":37}},"100":{"start":{"line":101,"column":0},"end":{"line":101,"column":45}},"101":{"start":{"line":102,"column":0},"end":{"line":102,"column":46}},"102":{"start":{"line":103,"column":0},"end":{"line":103,"column":53}},"103":{"start":{"line":104,"column":0},"end":{"line":104,"column":75}},"105":{"start":{"line":106,"column":0},"end":{"line":106,"column":43}},"106":{"start":{"line":107,"column":0},"end":{"line":107,"column":39}},"107":{"start":{"line":108,"column":0},"end":{"line":108,"column":39}},"108":{"start":{"line":109,"column":0},"end":{"line":109,"column":31}},"109":{"start":{"line":110,"column":0},"end":{"line":110,"column":32}},"110":{"start":{"line":111,"column":0},"end":{"line":111,"column":23}},"111":{"start":{"line":112,"column":0},"end":{"line":112,"column":18}},"112":{"start":{"line":113,"column":0},"end":{"line":113,"column":11}},"114":{"start":{"line":115,"column":0},"end":{"line":115,"column":1}},"116":{"start":{"line":117,"column":0},"end":{"line":117,"column":21}}},"s":{"0":1,"1":1,"2":1,"3":1,"4":1,"5":1,"6":1,"7":1,"9":1,"10":27,"11":27,"12":27,"13":27,"24":27,"25":1,"26":1,"27":1,"28":1,"29":1,"30":1,"31":1,"32":0,"33":0,"34":0,"35":0,"36":1,"38":27,"39":25,"40":15,"41":25,"42":10,"43":10,"44":25,"47":27,"48":27,"49":27,"50":27,"51":27,"52":27,"53":27,"54":27,"55":27,"56":27,"57":27,"58":27,"59":27,"60":27,"61":27,"62":27,"63":27,"64":27,"65":27,"66":27,"67":27,"68":27,"69":27,"70":27,"71":27,"72":27,"73":27,"74":27,"75":27,"76":27,"77":27,"78":27,"79":27,"80":27,"81":27,"82":27,"83":27,"84":27,"85":27,"86":27,"87":0,"88":0,"89":0,"91":27,"93":27,"94":27,"95":27,"96":27,"97":27,"98":27,"100":27,"101":27,"102":27,"103":27,"105":27,"106":27,"107":27,"108":27,"109":27,"110":27,"111":27,"112":27,"114":27,"116":1},"branchMap":{"0":{"type":"branch","line":10,"loc":{"start":{"line":10,"column":14},"end":{"line":115,"column":1}},"locations":[{"start":{"line":10,"column":14},"end":{"line":115,"column":1}}]},"1":{"type":"branch","line":87,"loc":{"start":{"line":87,"column":37},"end":{"line":90,"column":48}},"locations":[{"start":{"line":87,"column":37},"end":{"line":90,"column":48}}]},"2":{"type":"branch","line":25,"loc":{"start":{"line":25,"column":24},"end":{"line":37,"column":5}},"locations":[{"start":{"line":25,"column":24},"end":{"line":37,"column":5}}]},"3":{"type":"branch","line":32,"loc":{"start":{"line":32,"column":8},"end":{"line":36,"column":9}},"locations":[{"start":{"line":32,"column":8},"end":{"line":36,"column":9}}]},"4":{"type":"branch","line":39,"loc":{"start":{"line":39,"column":25},"end":{"line":45,"column":6}},"locations":[{"start":{"line":39,"column":25},"end":{"line":45,"column":6}}]},"5":{"type":"branch","line":40,"loc":{"start":{"line":40,"column":39},"end":{"line":42,"column":19}},"locations":[{"start":{"line":40,"column":39},"end":{"line":42,"column":19}}]},"6":{"type":"branch","line":42,"loc":{"start":{"line":42,"column":8},"end":{"line":44,"column":9}},"locations":[{"start":{"line":42,"column":8},"end":{"line":44,"column":9}}]}},"b":{"0":[27],"1":[0],"2":[1],"3":[0],"4":[25],"5":[15],"6":[10]},"fnMap":{"0":{"name":"Login","decl":{"start":{"line":10,"column":14},"end":{"line":115,"column":1}},"loc":{"start":{"line":10,"column":14},"end":{"line":115,"column":1}},"line":10},"1":{"name":"getLoggedIn","decl":{"start":{"line":25,"column":24},"end":{"line":37,"column":5}},"loc":{"start":{"line":25,"column":24},"end":{"line":37,"column":5}},"line":25},"2":{"name":"handleChange","decl":{"start":{"line":39,"column":25},"end":{"line":45,"column":6}},"loc":{"start":{"line":39,"column":25},"end":{"line":45,"column":6}},"line":39}},"f":{"0":27,"1":1,"2":25}}
,"C:\\Work\\Java\\Makers\\Trivia\\trivia_frontend\\src\\pages\\Navbar.jsx": {"path":"C:\\Work\\Java\\Makers\\Trivia\\trivia_frontend\\src\\pages\\Navbar.jsx","all":false,"statementMap":{"0":{"start":{"line":1,"column":0},"end":{"line":1,"column":47}},"23":{"start":{"line":24,"column":0},"end":{"line":24,"column":35}},"24":{"start":{"line":25,"column":0},"end":{"line":25,"column":10}},"25":{"start":{"line":26,"column":0},"end":{"line":26,"column":8}},"26":{"start":{"line":27,"column":0},"end":{"line":27,"column":12}},"27":{"start":{"line":28,"column":0},"end":{"line":28,"column":12}},"28":{"start":{"line":29,"column":0},"end":{"line":29,"column":12}},"29":{"start":{"line":30,"column":0},"end":{"line":30,"column":20}},"30":{"start":{"line":31,"column":0},"end":{"line":31,"column":15}},"31":{"start":{"line":32,"column":0},"end":{"line":32,"column":31}},"32":{"start":{"line":33,"column":0},"end":{"line":33,"column":54}},"33":{"start":{"line":34,"column":0},"end":{"line":34,"column":8}},"34":{"start":{"line":35,"column":0},"end":{"line":35,"column":16}},"36":{"start":{"line":37,"column":0},"end":{"line":37,"column":16}},"37":{"start":{"line":38,"column":0},"end":{"line":38,"column":10}},"39":{"start":{"line":40,"column":0},"end":{"line":40,"column":2}},"41":{"start":{"line":42,"column":0},"end":{"line":42,"column":31}},"42":{"start":{"line":43,"column":0},"end":{"line":43,"column":33}},"44":{"start":{"line":45,"column":0},"end":{"line":45,"column":45}},"45":{"start":{"line":46,"column":0},"end":{"line":46,"column":56}},"46":{"start":{"line":47,"column":0},"end":{"line":47,"column":54}},"48":{"start":{"line":49,"column":0},"end":{"line":49,"column":49}},"50":{"start":{"line":51,"column":0},"end":{"line":51,"column":30}},"51":{"start":{"line":52,"column":0},"end":{"line":52,"column":38}},"52":{"start":{"line":53,"column":0},"end":{"line":53,"column":23}},"53":{"start":{"line":54,"column":0},"end":{"line":54,"column":4}},"55":{"start":{"line":56,"column":0},"end":{"line":56,"column":10}},"56":{"start":{"line":57,"column":0},"end":{"line":57,"column":6}},"57":{"start":{"line":58,"column":0},"end":{"line":58,"column":10}},"68":{"start":{"line":69,"column":0},"end":{"line":69,"column":54}},"69":{"start":{"line":70,"column":0},"end":{"line":70,"column":14}},"71":{"start":{"line":72,"column":0},"end":{"line":72,"column":76}},"72":{"start":{"line":73,"column":0},"end":{"line":73,"column":15}},"73":{"start":{"line":74,"column":0},"end":{"line":74,"column":16}},"74":{"start":{"line":75,"column":0},"end":{"line":75,"column":24}},"75":{"start":{"line":76,"column":0},"end":{"line":76,"column":58}},"76":{"start":{"line":77,"column":0},"end":{"line":77,"column":47}},"77":{"start":{"line":78,"column":0},"end":{"line":78,"column":24}},"78":{"start":{"line":79,"column":0},"end":{"line":79,"column":14}},"79":{"start":{"line":80,"column":0},"end":{"line":80,"column":16}},"81":{"start":{"line":82,"column":0},"end":{"line":82,"column":38}},"82":{"start":{"line":83,"column":0},"end":{"line":83,"column":49}},"83":{"start":{"line":84,"column":0},"end":{"line":84,"column":72}},"84":{"start":{"line":85,"column":0},"end":{"line":85,"column":68}},"85":{"start":{"line":86,"column":0},"end":{"line":86,"column":23}},"87":{"start":{"line":88,"column":0},"end":{"line":88,"column":20}},"88":{"start":{"line":89,"column":0},"end":{"line":89,"column":27}},"89":{"start":{"line":90,"column":0},"end":{"line":90,"column":29}},"90":{"start":{"line":91,"column":0},"end":{"line":91,"column":34}},"91":{"start":{"line":92,"column":0},"end":{"line":92,"column":34}},"92":{"start":{"line":93,"column":0},"end":{"line":93,"column":36}},"93":{"start":{"line":94,"column":0},"end":{"line":94,"column":26}},"95":{"start":{"line":96,"column":0},"end":{"line":96,"column":25}},"96":{"start":{"line":97,"column":0},"end":{"line":97,"column":40}},"97":{"start":{"line":98,"column":0},"end":{"line":98,"column":31}},"98":{"start":{"line":99,"column":0},"end":{"line":99,"column":78}},"99":{"start":{"line":100,"column":0},"end":{"line":100,"column":20}},"100":{"start":{"line":101,"column":0},"end":{"line":101,"column":29}},"101":{"start":{"line":102,"column":0},"end":{"line":102,"column":48}},"102":{"start":{"line":103,"column":0},"end":{"line":103,"column":24}},"103":{"start":{"line":104,"column":0},"end":{"line":104,"column":26}},"104":{"start":{"line":105,"column":0},"end":{"line":105,"column":27}},"105":{"start":{"line":106,"column":0},"end":{"line":106,"column":42}},"106":{"start":{"line":107,"column":0},"end":{"line":107,"column":34}},"107":{"start":{"line":108,"column":0},"end":{"line":108,"column":80}},"108":{"start":{"line":109,"column":0},"end":{"line":109,"column":22}},"109":{"start":{"line":110,"column":0},"end":{"line":110,"column":27}},"110":{"start":{"line":111,"column":0},"end":{"line":111,"column":24}},"111":{"start":{"line":112,"column":0},"end":{"line":112,"column":26}},"112":{"start":{"line":113,"column":0},"end":{"line":113,"column":35}},"113":{"start":{"line":114,"column":0},"end":{"line":114,"column":27}},"114":{"start":{"line":115,"column":0},"end":{"line":115,"column":24}},"115":{"start":{"line":116,"column":0},"end":{"line":116,"column":33}},"116":{"start":{"line":117,"column":0},"end":{"line":117,"column":49}},"117":{"start":{"line":118,"column":0},"end":{"line":118,"column":55}},"118":{"start":{"line":119,"column":0},"end":{"line":119,"column":79}},"120":{"start":{"line":121,"column":0},"end":{"line":121,"column":29}},"121":{"start":{"line":122,"column":0},"end":{"line":122,"column":27}},"122":{"start":{"line":123,"column":0},"end":{"line":123,"column":21}},"123":{"start":{"line":124,"column":0},"end":{"line":124,"column":20}},"124":{"start":{"line":125,"column":0},"end":{"line":125,"column":17}},"125":{"start":{"line":126,"column":0},"end":{"line":126,"column":15}},"126":{"start":{"line":127,"column":0},"end":{"line":127,"column":12}},"127":{"start":{"line":128,"column":0},"end":{"line":128,"column":7}},"129":{"start":{"line":130,"column":0},"end":{"line":130,"column":1}}},"s":{"0":1,"23":1,"24":0,"25":0,"26":0,"27":0,"28":0,"29":0,"30":0,"31":0,"32":0,"33":0,"34":0,"36":0,"37":0,"39":0,"41":5,"42":5,"44":5,"45":5,"46":5,"48":5,"50":5,"51":1,"52":1,"53":1,"55":5,"56":5,"57":5,"68":5,"69":5,"71":5,"72":5,"73":5,"74":5,"75":5,"76":5,"77":5,"78":5,"79":5,"81":5,"82":5,"83":5,"84":5,"85":5,"87":5,"88":5,"89":5,"90":5,"91":5,"92":5,"93":5,"95":5,"96":5,"97":5,"98":5,"99":5,"100":5,"101":5,"102":5,"103":5,"104":5,"105":5,"106":5,"107":5,"108":5,"109":5,"110":5,"111":5,"112":5,"113":5,"114":5,"115":5,"116":5,"117":5,"118":5,"120":5,"121":5,"122":5,"123":5,"124":5,"125":5,"126":5,"127":5,"129":5},"branchMap":{"0":{"type":"branch","line":42,"loc":{"start":{"line":42,"column":0},"end":{"line":130,"column":1}},"locations":[{"start":{"line":42,"column":0},"end":{"line":130,"column":1}}]},"1":{"type":"branch","line":85,"loc":{"start":{"line":85,"column":31},"end":{"line":85,"column":56}},"locations":[{"start":{"line":85,"column":31},"end":{"line":85,"column":56}}]},"2":{"type":"branch","line":85,"loc":{"start":{"line":85,"column":51},"end":{"line":85,"column":68}},"locations":[{"start":{"line":85,"column":51},"end":{"line":85,"column":68}}]},"3":{"type":"branch","line":51,"loc":{"start":{"line":51,"column":23},"end":{"line":54,"column":4}},"locations":[{"start":{"line":51,"column":23},"end":{"line":54,"column":4}}]},"4":{"type":"branch","line":77,"loc":{"start":{"line":77,"column":23},"end":{"line":77,"column":47}},"locations":[{"start":{"line":77,"column":23},"end":{"line":77,"column":47}}]}},"b":{"0":[5],"1":[4],"2":[1],"3":[1],"4":[1]},"fnMap":{"0":{"name":"NavLink","decl":{"start":{"line":24,"column":16},"end":{"line":40,"column":2}},"loc":{"start":{"line":24,"column":16},"end":{"line":40,"column":2}},"line":24},"1":{"name":"Nav","decl":{"start":{"line":42,"column":0},"end":{"line":130,"column":1}},"loc":{"start":{"line":42,"column":0},"end":{"line":130,"column":1}},"line":42},"2":{"name":"handleLogout","decl":{"start":{"line":51,"column":23},"end":{"line":54,"column":4}},"loc":{"start":{"line":51,"column":23},"end":{"line":54,"column":4}},"line":51},"3":{"name":"onClick","decl":{"start":{"line":77,"column":23},"end":{"line":77,"column":47}},"loc":{"start":{"line":77,"column":23},"end":{"line":77,"column":47}},"line":77}},"f":{"0":0,"1":5,"2":1,"3":1}}
,"C:\\Work\\Java\\Makers\\Trivia\\trivia_frontend\\src\\pages\\Signup.jsx": {"path":"C:\\Work\\Java\\Makers\\Trivia\\trivia_frontend\\src\\pages\\Signup.jsx","all":false,"statementMap":{"0":{"start":{"line":1,"column":0},"end":{"line":1,"column":121}},"1":{"start":{"line":2,"column":0},"end":{"line":2,"column":106}},"3":{"start":{"line":4,"column":0},"end":{"line":4,"column":32}},"4":{"start":{"line":5,"column":0},"end":{"line":5,"column":55}},"5":{"start":{"line":6,"column":0},"end":{"line":6,"column":46}},"6":{"start":{"line":7,"column":0},"end":{"line":7,"column":61}},"7":{"start":{"line":8,"column":0},"end":{"line":8,"column":21}},"9":{"start":{"line":10,"column":0},"end":{"line":10,"column":22}},"10":{"start":{"line":11,"column":0},"end":{"line":11,"column":49}},"11":{"start":{"line":12,"column":0},"end":{"line":12,"column":43}},"12":{"start":{"line":13,"column":0},"end":{"line":13,"column":49}},"13":{"start":{"line":14,"column":0},"end":{"line":14,"column":63}},"14":{"start":{"line":15,"column":0},"end":{"line":15,"column":43}},"15":{"start":{"line":16,"column":0},"end":{"line":16,"column":65}},"16":{"start":{"line":17,"column":0},"end":{"line":17,"column":54}},"18":{"start":{"line":19,"column":0},"end":{"line":19,"column":49}},"19":{"start":{"line":20,"column":0},"end":{"line":20,"column":49}},"21":{"start":{"line":22,"column":0},"end":{"line":22,"column":35}},"23":{"start":{"line":24,"column":0},"end":{"line":24,"column":39}},"24":{"start":{"line":25,"column":0},"end":{"line":25,"column":27}},"25":{"start":{"line":26,"column":0},"end":{"line":26,"column":13}},"26":{"start":{"line":27,"column":0},"end":{"line":27,"column":35}},"27":{"start":{"line":28,"column":0},"end":{"line":28,"column":90}},"28":{"start":{"line":29,"column":0},"end":{"line":29,"column":13}},"29":{"start":{"line":30,"column":0},"end":{"line":30,"column":47}},"30":{"start":{"line":31,"column":0},"end":{"line":31,"column":56}},"31":{"start":{"line":32,"column":0},"end":{"line":32,"column":58}},"32":{"start":{"line":33,"column":0},"end":{"line":33,"column":58}},"33":{"start":{"line":34,"column":0},"end":{"line":34,"column":60}},"34":{"start":{"line":35,"column":0},"end":{"line":35,"column":34}},"35":{"start":{"line":36,"column":0},"end":{"line":36,"column":20}},"36":{"start":{"line":37,"column":0},"end":{"line":37,"column":50}},"37":{"start":{"line":38,"column":0},"end":{"line":38,"column":13}},"38":{"start":{"line":39,"column":0},"end":{"line":39,"column":23}},"39":{"start":{"line":40,"column":0},"end":{"line":40,"column":99}},"40":{"start":{"line":41,"column":0},"end":{"line":41,"column":35}},"41":{"start":{"line":42,"column":0},"end":{"line":42,"column":49}},"42":{"start":{"line":43,"column":0},"end":{"line":43,"column":9}},"43":{"start":{"line":44,"column":0},"end":{"line":44,"column":5}},"45":{"start":{"line":46,"column":0},"end":{"line":46,"column":44}},"46":{"start":{"line":47,"column":0},"end":{"line":47,"column":98}},"47":{"start":{"line":48,"column":0},"end":{"line":48,"column":49}},"48":{"start":{"line":49,"column":0},"end":{"line":49,"column":5}},"50":{"start":{"line":51,"column":0},"end":{"line":51,"column":41}},"51":{"start":{"line":52,"column":0},"end":{"line":52,"column":43}},"52":{"start":{"line":53,"column":0},"end":{"line":53,"column":33}},"53":{"start":{"line":54,"column":0},"end":{"line":54,"column":38}},"54":{"start":{"line":55,"column":0},"end":{"line":55,"column":6}},"56":{"start":{"line":57,"column":0},"end":{"line":57,"column":12}},"57":{"start":{"line":58,"column":0},"end":{"line":58,"column":36}},"58":{"start":{"line":59,"column":0},"end":{"line":59,"column":25}},"59":{"start":{"line":60,"column":0},"end":{"line":60,"column":25}},"60":{"start":{"line":61,"column":0},"end":{"line":61,"column":25}},"61":{"start":{"line":62,"column":0},"end":{"line":62,"column":25}},"62":{"start":{"line":63,"column":0},"end":{"line":63,"column":25}},"63":{"start":{"line":64,"column":0},"end":{"line":64,"column":25}},"64":{"start":{"line":65,"column":0},"end":{"line":65,"column":25}},"65":{"start":{"line":66,"column":0},"end":{"line":66,"column":25}},"66":{"start":{"line":67,"column":0},"end":{"line":67,"column":25}},"67":{"start":{"line":68,"column":0},"end":{"line":68,"column":25}},"68":{"start":{"line":69,"column":0},"end":{"line":69,"column":25}},"69":{"start":{"line":70,"column":0},"end":{"line":70,"column":25}},"70":{"start":{"line":71,"column":0},"end":{"line":71,"column":25}},"71":{"start":{"line":72,"column":0},"end":{"line":72,"column":25}},"72":{"start":{"line":73,"column":0},"end":{"line":73,"column":25}},"73":{"start":{"line":74,"column":0},"end":{"line":74,"column":25}},"74":{"start":{"line":75,"column":0},"end":{"line":75,"column":25}},"75":{"start":{"line":76,"column":0},"end":{"line":76,"column":25}},"76":{"start":{"line":77,"column":0},"end":{"line":77,"column":25}},"77":{"start":{"line":78,"column":0},"end":{"line":78,"column":25}},"78":{"start":{"line":79,"column":0},"end":{"line":79,"column":106}},"79":{"start":{"line":80,"column":0},"end":{"line":80,"column":41}},"80":{"start":{"line":81,"column":0},"end":{"line":81,"column":72}},"81":{"start":{"line":82,"column":0},"end":{"line":82,"column":36}},"82":{"start":{"line":83,"column":0},"end":{"line":83,"column":39}},"83":{"start":{"line":84,"column":0},"end":{"line":84,"column":89}},"84":{"start":{"line":85,"column":0},"end":{"line":85,"column":67}},"85":{"start":{"line":86,"column":0},"end":{"line":86,"column":52}},"86":{"start":{"line":87,"column":0},"end":{"line":87,"column":40}},"87":{"start":{"line":88,"column":0},"end":{"line":88,"column":37}},"88":{"start":{"line":89,"column":0},"end":{"line":89,"column":34}},"89":{"start":{"line":90,"column":0},"end":{"line":90,"column":41}},"90":{"start":{"line":91,"column":0},"end":{"line":91,"column":83}},"91":{"start":{"line":92,"column":0},"end":{"line":92,"column":38}},"92":{"start":{"line":93,"column":0},"end":{"line":93,"column":53}},"93":{"start":{"line":94,"column":0},"end":{"line":94,"column":47}},"94":{"start":{"line":95,"column":0},"end":{"line":95,"column":52}},"95":{"start":{"line":96,"column":0},"end":{"line":96,"column":51}},"96":{"start":{"line":97,"column":0},"end":{"line":97,"column":49}},"97":{"start":{"line":98,"column":0},"end":{"line":98,"column":81}},"98":{"start":{"line":99,"column":0},"end":{"line":99,"column":44}},"99":{"start":{"line":100,"column":0},"end":{"line":100,"column":34}},"100":{"start":{"line":101,"column":0},"end":{"line":101,"column":76}},"101":{"start":{"line":102,"column":0},"end":{"line":102,"column":38}},"102":{"start":{"line":103,"column":0},"end":{"line":103,"column":48}},"103":{"start":{"line":104,"column":0},"end":{"line":104,"column":49}},"104":{"start":{"line":105,"column":0},"end":{"line":105,"column":48}},"105":{"start":{"line":106,"column":0},"end":{"line":106,"column":46}},"106":{"start":{"line":107,"column":0},"end":{"line":107,"column":78}},"107":{"start":{"line":108,"column":0},"end":{"line":108,"column":44}},"108":{"start":{"line":109,"column":0},"end":{"line":109,"column":34}},"109":{"start":{"line":110,"column":0},"end":{"line":110,"column":82}},"110":{"start":{"line":111,"column":0},"end":{"line":111,"column":38}},"111":{"start":{"line":112,"column":0},"end":{"line":112,"column":51}},"112":{"start":{"line":113,"column":0},"end":{"line":113,"column":52}},"113":{"start":{"line":114,"column":0},"end":{"line":114,"column":51}},"114":{"start":{"line":115,"column":0},"end":{"line":115,"column":49}},"116":{"start":{"line":117,"column":0},"end":{"line":117,"column":67}},"117":{"start":{"line":118,"column":0},"end":{"line":118,"column":57}},"118":{"start":{"line":119,"column":0},"end":{"line":119,"column":55}},"119":{"start":{"line":120,"column":0},"end":{"line":120,"column":44}},"120":{"start":{"line":121,"column":0},"end":{"line":121,"column":34}},"121":{"start":{"line":122,"column":0},"end":{"line":122,"column":47}},"122":{"start":{"line":123,"column":0},"end":{"line":123,"column":74}},"123":{"start":{"line":124,"column":0},"end":{"line":124,"column":60}},"127":{"start":{"line":128,"column":0},"end":{"line":128,"column":47}},"128":{"start":{"line":129,"column":0},"end":{"line":129,"column":53}},"130":{"start":{"line":131,"column":0},"end":{"line":131,"column":97}},"131":{"start":{"line":132,"column":0},"end":{"line":132,"column":38}},"132":{"start":{"line":133,"column":0},"end":{"line":133,"column":51}},"133":{"start":{"line":134,"column":0},"end":{"line":134,"column":59}},"134":{"start":{"line":135,"column":0},"end":{"line":135,"column":58}},"135":{"start":{"line":136,"column":0},"end":{"line":136,"column":56}},"136":{"start":{"line":137,"column":0},"end":{"line":137,"column":88}},"137":{"start":{"line":138,"column":0},"end":{"line":138,"column":44}},"138":{"start":{"line":139,"column":0},"end":{"line":139,"column":34}},"139":{"start":{"line":140,"column":0},"end":{"line":140,"column":42}},"140":{"start":{"line":141,"column":0},"end":{"line":141,"column":43}},"141":{"start":{"line":142,"column":0},"end":{"line":142,"column":82}},"142":{"start":{"line":143,"column":0},"end":{"line":143,"column":44}},"144":{"start":{"line":145,"column":0},"end":{"line":145,"column":51}},"146":{"start":{"line":147,"column":0},"end":{"line":147,"column":120}},"147":{"start":{"line":148,"column":0},"end":{"line":148,"column":42}},"148":{"start":{"line":149,"column":0},"end":{"line":149,"column":48}},"149":{"start":{"line":150,"column":0},"end":{"line":150,"column":71}},"151":{"start":{"line":152,"column":0},"end":{"line":152,"column":39}},"152":{"start":{"line":153,"column":0},"end":{"line":153,"column":35}},"153":{"start":{"line":154,"column":0},"end":{"line":154,"column":35}},"154":{"start":{"line":155,"column":0},"end":{"line":155,"column":27}},"155":{"start":{"line":156,"column":0},"end":{"line":156,"column":28}},"156":{"start":{"line":157,"column":0},"end":{"line":157,"column":19}},"157":{"start":{"line":158,"column":0},"end":{"line":158,"column":14}},"160":{"start":{"line":161,"column":0},"end":{"line":161,"column":1}},"162":{"start":{"line":163,"column":0},"end":{"line":163,"column":22}}},"s":{"0":1,"1":1,"3":1,"4":1,"5":1,"6":1,"7":1,"9":1,"10":52,"11":52,"12":52,"13":52,"14":52,"15":52,"16":52,"18":52,"19":52,"21":52,"23":52,"24":1,"25":1,"26":1,"27":0,"28":0,"29":1,"30":1,"31":1,"32":1,"33":1,"34":1,"35":1,"36":0,"37":0,"38":1,"39":0,"40":0,"41":0,"42":0,"43":1,"45":52,"46":12,"47":12,"48":12,"50":52,"51":12,"52":12,"53":12,"54":12,"56":52,"57":52,"58":52,"59":52,"60":52,"61":52,"62":52,"63":52,"64":52,"65":52,"66":52,"67":52,"68":52,"69":52,"70":52,"71":52,"72":52,"73":52,"74":52,"75":52,"76":52,"77":52,"78":52,"79":52,"80":52,"81":52,"82":52,"83":52,"84":52,"85":52,"86":52,"87":52,"88":52,"89":52,"90":52,"91":52,"92":52,"93":52,"94":52,"95":52,"96":52,"97":52,"98":52,"99":52,"100":52,"101":52,"102":52,"103":52,"104":52,"105":52,"106":52,"107":52,"108":52,"109":52,"110":52,"111":52,"112":52,"113":52,"114":52,"116":52,"117":52,"118":52,"119":52,"120":52,"121":52,"122":13,"123":13,"127":13,"128":13,"130":52,"131":52,"132":52,"133":52,"134":52,"135":52,"136":52,"137":52,"138":52,"139":52,"140":0,"141":0,"142":0,"144":52,"146":52,"147":52,"148":52,"149":52,"151":52,"152":52,"153":52,"154":52,"155":52,"156":52,"157":52,"160":52,"162":1},"branchMap":{"0":{"type":"branch","line":10,"loc":{"start":{"line":10,"column":15},"end":{"line":161,"column":1}},"locations":[{"start":{"line":10,"column":15},"end":{"line":161,"column":1}}]},"1":{"type":"branch","line":122,"loc":{"start":{"line":122,"column":33},"end":{"line":129,"column":53}},"locations":[{"start":{"line":122,"column":33},"end":{"line":129,"column":53}}]},"2":{"type":"branch","line":140,"loc":{"start":{"line":140,"column":33},"end":{"line":143,"column":44}},"locations":[{"start":{"line":140,"column":33},"end":{"line":143,"column":44}}]},"3":{"type":"branch","line":19,"loc":{"start":{"line":19,"column":24},"end":{"line":19,"column":49}},"locations":[{"start":{"line":19,"column":24},"end":{"line":19,"column":49}}]},"4":{"type":"branch","line":20,"loc":{"start":{"line":20,"column":23},"end":{"line":20,"column":49}},"locations":[{"start":{"line":20,"column":23},"end":{"line":20,"column":49}}]},"5":{"type":"branch","line":24,"loc":{"start":{"line":24,"column":25},"end":{"line":44,"column":5}},"locations":[{"start":{"line":24,"column":25},"end":{"line":44,"column":5}}]},"6":{"type":"branch","line":27,"loc":{"start":{"line":27,"column":34},"end":{"line":29,"column":13}},"locations":[{"start":{"line":27,"column":34},"end":{"line":29,"column":13}}]},"7":{"type":"branch","line":36,"loc":{"start":{"line":36,"column":12},"end":{"line":38,"column":13}},"locations":[{"start":{"line":36,"column":12},"end":{"line":38,"column":13}}]},"8":{"type":"branch","line":39,"loc":{"start":{"line":39,"column":8},"end":{"line":43,"column":9}},"locations":[{"start":{"line":39,"column":8},"end":{"line":43,"column":9}}]},"9":{"type":"branch","line":46,"loc":{"start":{"line":46,"column":29},"end":{"line":49,"column":5}},"locations":[{"start":{"line":46,"column":29},"end":{"line":49,"column":5}}]},"10":{"type":"branch","line":51,"loc":{"start":{"line":51,"column":33},"end":{"line":55,"column":6}},"locations":[{"start":{"line":51,"column":33},"end":{"line":55,"column":6}}]},"11":{"type":"branch","line":98,"loc":{"start":{"line":98,"column":46},"end":{"line":98,"column":81}},"locations":[{"start":{"line":98,"column":46},"end":{"line":98,"column":81}}]},"12":{"type":"branch","line":107,"loc":{"start":{"line":107,"column":46},"end":{"line":107,"column":78}},"locations":[{"start":{"line":107,"column":46},"end":{"line":107,"column":78}}]},"13":{"type":"branch","line":137,"loc":{"start":{"line":137,"column":46},"end":{"line":137,"column":88}},"locations":[{"start":{"line":137,"column":46},"end":{"line":137,"column":88}}]}},"b":{"0":[52],"1":[13],"2":[0],"3":[1],"4":[1],"5":[1],"6":[0],"7":[0],"8":[0],"9":[12],"10":[12],"11":[8],"12":[16],"13":[12]},"fnMap":{"0":{"name":"Signup","decl":{"start":{"line":10,"column":15},"end":{"line":161,"column":1}},"loc":{"start":{"line":10,"column":15},"end":{"line":161,"column":1}},"line":10},"1":{"name":"handleFocus","decl":{"start":{"line":19,"column":24},"end":{"line":19,"column":49}},"loc":{"start":{"line":19,"column":24},"end":{"line":19,"column":49}},"line":19},"2":{"name":"handleBlur","decl":{"start":{"line":20,"column":23},"end":{"line":20,"column":49}},"loc":{"start":{"line":20,"column":23},"end":{"line":20,"column":49}},"line":20},"3":{"name":"handleSignUp","decl":{"start":{"line":24,"column":25},"end":{"line":44,"column":5}},"loc":{"start":{"line":24,"column":25},"end":{"line":44,"column":5}},"line":24},"4":{"name":"validatePassword","decl":{"start":{"line":46,"column":29},"end":{"line":49,"column":5}},"loc":{"start":{"line":46,"column":29},"end":{"line":49,"column":5}},"line":46},"5":{"name":"handlePasswordChange","decl":{"start":{"line":51,"column":33},"end":{"line":55,"column":6}},"loc":{"start":{"line":51,"column":33},"end":{"line":55,"column":6}},"line":51},"6":{"name":"onChange","decl":{"start":{"line":98,"column":46},"end":{"line":98,"column":81}},"loc":{"start":{"line":98,"column":46},"end":{"line":98,"column":81}},"line":98},"7":{"name":"onChange","decl":{"start":{"line":107,"column":46},"end":{"line":107,"column":78}},"loc":{"start":{"line":107,"column":46},"end":{"line":107,"column":78}},"line":107},"8":{"name":"onChange","decl":{"start":{"line":137,"column":46},"end":{"line":137,"column":88}},"loc":{"start":{"line":137,"column":46},"end":{"line":137,"column":88}},"line":137}},"f":{"0":52,"1":1,"2":1,"3":1,"4":12,"5":12,"6":8,"7":16,"8":12}}
,"C:\\Work\\Java\\Makers\\Trivia\\trivia_frontend\\src\\services\\UserService.js": {"path":"C:\\Work\\Java\\Makers\\Trivia\\trivia_frontend\\src\\services\\UserService.js","all":false,"statementMap":{"0":{"start":{"line":1,"column":0},"end":{"line":1,"column":36}},"1":{"start":{"line":2,"column":0},"end":{"line":2,"column":79}},"2":{"start":{"line":3,"column":0},"end":{"line":3,"column":21}},"3":{"start":{"line":4,"column":0},"end":{"line":4,"column":7}},"4":{"start":{"line":5,"column":0},"end":{"line":5,"column":0}},"5":{"start":{"line":6,"column":0},"end":{"line":6,"column":34}},"6":{"start":{"line":7,"column":0},"end":{"line":7,"column":39}},"7":{"start":{"line":8,"column":0},"end":{"line":8,"column":16}},"8":{"start":{"line":9,"column":0},"end":{"line":9,"column":10}},"9":{"start":{"line":10,"column":0},"end":{"line":10,"column":53}},"10":{"start":{"line":11,"column":0},"end":{"line":11,"column":5}},"11":{"start":{"line":12,"column":0},"end":{"line":12,"column":2}},"12":{"start":{"line":13,"column":0},"end":{"line":13,"column":0}},"13":{"start":{"line":14,"column":0},"end":{"line":14,"column":48}},"14":{"start":{"line":15,"column":0},"end":{"line":15,"column":28}},"15":{"start":{"line":16,"column":0},"end":{"line":16,"column":23}},"16":{"start":{"line":17,"column":0},"end":{"line":17,"column":18}},"17":{"start":{"line":18,"column":0},"end":{"line":18,"column":45}},"18":{"start":{"line":19,"column":0},"end":{"line":19,"column":10}},"19":{"start":{"line":20,"column":0},"end":{"line":20,"column":48}},"20":{"start":{"line":21,"column":0},"end":{"line":21,"column":6}},"21":{"start":{"line":22,"column":0},"end":{"line":22,"column":0}},"22":{"start":{"line":23,"column":0},"end":{"line":23,"column":94}},"23":{"start":{"line":24,"column":0},"end":{"line":24,"column":34}},"24":{"start":{"line":25,"column":0},"end":{"line":25,"column":43}},"25":{"start":{"line":26,"column":0},"end":{"line":26,"column":20}},"26":{"start":{"line":27,"column":0},"end":{"line":27,"column":12}},"27":{"start":{"line":28,"column":0},"end":{"line":28,"column":69}},"28":{"start":{"line":29,"column":0},"end":{"line":29,"column":5}},"29":{"start":{"line":30,"column":0},"end":{"line":30,"column":1}},"30":{"start":{"line":31,"column":0},"end":{"line":31,"column":0}},"31":{"start":{"line":32,"column":0},"end":{"line":32,"column":60}},"32":{"start":{"line":33,"column":0},"end":{"line":33,"column":28}},"33":{"start":{"line":34,"column":0},"end":{"line":34,"column":23}},"34":{"start":{"line":35,"column":0},"end":{"line":35,"column":17}},"35":{"start":{"line":36,"column":0},"end":{"line":36,"column":45}},"36":{"start":{"line":37,"column":0},"end":{"line":37,"column":10}},"37":{"start":{"line":38,"column":0},"end":{"line":38,"column":58}},"38":{"start":{"line":39,"column":0},"end":{"line":39,"column":6}},"39":{"start":{"line":40,"column":0},"end":{"line":40,"column":0}},"40":{"start":{"line":41,"column":0},"end":{"line":41,"column":94}},"41":{"start":{"line":42,"column":0},"end":{"line":42,"column":34}},"42":{"start":{"line":43,"column":0},"end":{"line":43,"column":46}},"43":{"start":{"line":44,"column":0},"end":{"line":44,"column":12}},"44":{"start":{"line":45,"column":0},"end":{"line":45,"column":74}},"45":{"start":{"line":46,"column":0},"end":{"line":46,"column":5}},"46":{"start":{"line":47,"column":0},"end":{"line":47,"column":1}}},"s":{"0":1,"1":2,"2":2,"3":2,"4":2,"5":2,"6":1,"7":1,"8":1,"9":1,"10":1,"11":1,"12":1,"13":1,"14":2,"15":2,"16":2,"17":2,"18":2,"19":2,"20":2,"21":2,"22":2,"23":2,"24":1,"25":1,"26":1,"27":1,"28":1,"29":2,"30":1,"31":1,"32":2,"33":2,"34":2,"35":2,"36":2,"37":2,"38":2,"39":2,"40":2,"41":2,"42":1,"43":1,"44":1,"45":1,"46":2},"branchMap":{"0":{"type":"branch","line":1,"loc":{"start":{"line":1,"column":24},"end":{"line":12,"column":1}},"locations":[{"start":{"line":1,"column":24},"end":{"line":12,"column":1}}]},"1":{"type":"branch","line":6,"loc":{"start":{"line":6,"column":33},"end":{"line":11,"column":5}},"locations":[{"start":{"line":6,"column":33},"end":{"line":11,"column":5}}]},"2":{"type":"branch","line":12,"loc":{"start":{"line":12,"column":1},"end":{"line":12,"column":2}},"locations":[{"start":{"line":12,"column":1},"end":{"line":12,"column":2}}]},"3":{"type":"branch","line":14,"loc":{"start":{"line":14,"column":21},"end":{"line":30,"column":1}},"locations":[{"start":{"line":14,"column":21},"end":{"line":30,"column":1}}]},"4":{"type":"branch","line":24,"loc":{"start":{"line":24,"column":33},"end":{"line":29,"column":5}},"locations":[{"start":{"line":24,"column":33},"end":{"line":29,"column":5}}]},"5":{"type":"branch","line":32,"loc":{"start":{"line":32,"column":22},"end":{"line":47,"column":1}},"locations":[{"start":{"line":32,"column":22},"end":{"line":47,"column":1}}]},"6":{"type":"branch","line":42,"loc":{"start":{"line":42,"column":33},"end":{"line":46,"column":5}},"locations":[{"start":{"line":42,"column":33},"end":{"line":46,"column":5}}]}},"b":{"0":[2],"1":[1],"2":[2],"3":[2],"4":[1],"5":[2],"6":[1]},"fnMap":{"0":{"name":"getUsers","decl":{"start":{"line":1,"column":24},"end":{"line":12,"column":1}},"loc":{"start":{"line":1,"column":24},"end":{"line":12,"column":1}},"line":1},"1":{"name":"get","decl":{"start":{"line":12,"column":1},"end":{"line":12,"column":2}},"loc":{"start":{"line":12,"column":1},"end":{"line":12,"column":2}},"line":12},"2":{"name":"login","decl":{"start":{"line":14,"column":21},"end":{"line":30,"column":1}},"loc":{"start":{"line":14,"column":21},"end":{"line":30,"column":1}},"line":14},"3":{"name":"signUp","decl":{"start":{"line":32,"column":22},"end":{"line":47,"column":1}},"loc":{"start":{"line":32,"column":22},"end":{"line":47,"column":1}},"line":32}},"f":{"0":2,"1":2,"2":2,"3":2}}
}
